This is pdfTeX, Version 3.141592653-2.6-1.40.22 (MiKTeX 21.6) (preloaded format=pdflatex 2021.7.3)  25 MAY 2022 23:01
entering extended mode
**./Labreport.tex
(Labreport.tex
LaTeX2e <2021-06-01>
L3 programming layer <2021-06-01>
(C:\Users\Mrunmoy Jena\AppData\Local\Programs\MiKTeX\tex/latex/base\report.cls
Document Class: report 2021/02/12 v1.4n Standard LaTeX document class
(C:\Users\Mrunmoy Jena\AppData\Local\Programs\MiKTeX\tex/latex/base\size10.clo
File: size10.clo 2021/02/12 v1.4n Standard LaTeX file (size option)
)
\c@part=\count182
\c@chapter=\count183
\c@section=\count184
\c@subsection=\count185
\c@subsubsection=\count186
\c@paragraph=\count187
\c@subparagraph=\count188
\c@figure=\count189
\c@table=\count190
\abovecaptionskip=\skip47
\belowcaptionskip=\skip48
\bibindent=\dimen138
)
(C:\Users\Mrunmoy Jena\AppData\Local\Programs\MiKTeX\tex/latex/amsmath\amsmath.
sty
Package: amsmath 2021/04/20 v2.17j AMS math features
\@mathmargin=\skip49

For additional information on amsmath, use the `?' option.

(C:\Users\Mrunmoy Jena\AppData\Local\Programs\MiKTeX\tex/latex/amsmath\amstext.
sty
Package: amstext 2000/06/29 v2.01 AMS text

(C:\Users\Mrunmoy Jena\AppData\Local\Programs\MiKTeX\tex/latex/amsmath\amsgen.s
ty
File: amsgen.sty 1999/11/30 v2.0 generic functions
\@emptytoks=\toks16
\ex@=\dimen139
))
(C:\Users\Mrunmoy Jena\AppData\Local\Programs\MiKTeX\tex/latex/amsmath\amsbsy.s
ty
Package: amsbsy 1999/11/29 v1.2d Bold Symbols
\pmbraise@=\dimen140
)
(C:\Users\Mrunmoy Jena\AppData\Local\Programs\MiKTeX\tex/latex/amsmath\amsopn.s
ty
Package: amsopn 2016/03/08 v2.02 operator names
)
\inf@bad=\count191
LaTeX Info: Redefining \frac on input line 234.
\uproot@=\count192
\leftroot@=\count193
LaTeX Info: Redefining \overline on input line 399.
\classnum@=\count194
\DOTSCASE@=\count195
LaTeX Info: Redefining \ldots on input line 496.
LaTeX Info: Redefining \dots on input line 499.
LaTeX Info: Redefining \cdots on input line 620.
\Mathstrutbox@=\box50
\strutbox@=\box51
\big@size=\dimen141
LaTeX Font Info:    Redeclaring font encoding OML on input line 743.
LaTeX Font Info:    Redeclaring font encoding OMS on input line 744.
\macc@depth=\count196
\c@MaxMatrixCols=\count197
\dotsspace@=\muskip16
\c@parentequation=\count198
\dspbrk@lvl=\count199
\tag@help=\toks17
\row@=\count266
\column@=\count267
\maxfields@=\count268
\andhelp@=\toks18
\eqnshift@=\dimen142
\alignsep@=\dimen143
\tagshift@=\dimen144
\tagwidth@=\dimen145
\totwidth@=\dimen146
\lineht@=\dimen147
\@envbody=\toks19
\multlinegap=\skip50
\multlinetaggap=\skip51
\mathdisplay@stack=\toks20
LaTeX Info: Redefining \[ on input line 2923.
LaTeX Info: Redefining \] on input line 2924.
)
(C:\Users\Mrunmoy Jena\AppData\Local\Programs\MiKTeX\tex/latex/amsfonts\amssymb
.sty
Package: amssymb 2013/01/14 v3.01 AMS font symbols

(C:\Users\Mrunmoy Jena\AppData\Local\Programs\MiKTeX\tex/latex/amsfonts\amsfont
s.sty
Package: amsfonts 2013/01/14 v3.01 Basic AMSFonts support
\symAMSa=\mathgroup4
\symAMSb=\mathgroup5
LaTeX Font Info:    Redeclaring math symbol \hbar on input line 98.
LaTeX Font Info:    Overwriting math alphabet `\mathfrak' in version `bold'
(Font)                  U/euf/m/n --> U/euf/b/n on input line 106.
))
(C:\Users\Mrunmoy Jena\AppData\Local\Programs\MiKTeX\tex/latex/geometry\geometr
y.sty
Package: geometry 2020/01/02 v5.9 Page Geometry

(C:\Users\Mrunmoy Jena\AppData\Local\Programs\MiKTeX\tex/latex/graphics\keyval.
sty
Package: keyval 2014/10/28 v1.15 key=value parser (DPC)
\KV@toks@=\toks21
)
(C:\Users\Mrunmoy Jena\AppData\Local\Programs\MiKTeX\tex/generic/iftex\ifvtex.s
ty
Package: ifvtex 2019/10/25 v1.7 ifvtex legacy package. Use iftex instead.

(C:\Users\Mrunmoy Jena\AppData\Local\Programs\MiKTeX\tex/generic/iftex\iftex.st
y
Package: iftex 2020/03/06 v1.0d TeX engine tests
))
\Gm@cnth=\count269
\Gm@cntv=\count270
\c@Gm@tempcnt=\count271
\Gm@bindingoffset=\dimen148
\Gm@wd@mp=\dimen149
\Gm@odd@mp=\dimen150
\Gm@even@mp=\dimen151
\Gm@layoutwidth=\dimen152
\Gm@layoutheight=\dimen153
\Gm@layouthoffset=\dimen154
\Gm@layoutvoffset=\dimen155
\Gm@dimlist=\toks22

(C:\Users\Mrunmoy Jena\AppData\Local\Programs\MiKTeX\tex/latex/geometry\geometr
y.cfg))
(C:\Users\Mrunmoy Jena\AppData\Local\Programs\MiKTeX\tex/latex/graphics\graphic
x.sty
Package: graphicx 2020/12/05 v1.2c Enhanced LaTeX Graphics (DPC,SPQR)

(C:\Users\Mrunmoy Jena\AppData\Local\Programs\MiKTeX\tex/latex/graphics\graphic
s.sty
Package: graphics 2021/03/04 v1.4d Standard LaTeX Graphics (DPC,SPQR)

(C:\Users\Mrunmoy Jena\AppData\Local\Programs\MiKTeX\tex/latex/graphics\trig.st
y
Package: trig 2016/01/03 v1.10 sin cos tan (DPC)
)
(C:\Users\Mrunmoy Jena\AppData\Local\Programs\MiKTeX\tex/latex/graphics-cfg\gra
phics.cfg
File: graphics.cfg 2016/06/04 v1.11 sample graphics configuration
)
Package graphics Info: Driver file: pdftex.def on input line 107.

(C:\Users\Mrunmoy Jena\AppData\Local\Programs\MiKTeX\tex/latex/graphics-def\pdf
tex.def
File: pdftex.def 2020/10/05 v1.2a Graphics/color driver for pdftex
))
\Gin@req@height=\dimen156
\Gin@req@width=\dimen157
)
(C:\Users\Mrunmoy Jena\AppData\Local\Programs\MiKTeX\tex/latex/tools\bm.sty
Package: bm 2021/04/25 v1.2e Bold Symbol Support (DPC/FMi)
\symboldoperators=\mathgroup6
\symboldletters=\mathgroup7
\symboldsymbols=\mathgroup8
Package bm Info: No bold for \OMX/cmex/m/n, using \pmb.
Package bm Info: No bold for \U/msa/m/n, using \pmb.
Package bm Info: No bold for \U/msb/m/n, using \pmb.
LaTeX Font Info:    Redeclaring math alphabet \mathbf on input line 149.
)
(C:\Users\Mrunmoy Jena\AppData\Local\Programs\MiKTeX\tex/latex/layouts\layouts.
sty
Package: layouts 2009/09/02 v2.6d graphical depiction of document elements
\l@ylen=\skip52
\layoutsbox=\box52
\l@youtunitlength=\skip53
\l@youtlinethick=\skip54
\l@youtlinethickii=\skip55
\l@ysetupparskip=\skip56
\l@ysetupbaselineskip=\skip57
\l@yonem=\skip58
\l@yonex=\skip59
\l@ylmarg=\skip60
\l@yrmarg=\skip61
\l@yitmindent=\skip62
\l@ylblwidth=\skip63
\l@ylblsep=\skip64
\l@ylparindent=\skip65
\l@ytsep=\skip66
\l@ypskip=\skip67
\l@yptsep=\skip68
\l@ypsep=\skip69
\l@yitmsep=\skip70
\l@ytok=\toks23
\l@youtpw=\count272
\l@youtph=\count273
\l@youthpi=\count274
\l@youthpii=\count275
\l@youthpiii=\count276
\l@youthpiv=\count277
\l@youthpv=\count278
\l@youthpvi=\count279
\l@youthpvii=\count280
\l@youtparskip=\count281
\l@youtvpi=\count282
\l@youtvpii=\count283
\l@youtvpiii=\count284
\l@youtvpiv=\count285
\l@youtvpv=\count286
\l@youtvpvi=\count287
\l@youtvpvii=\count288
\l@youthdo=\count289
\l@youthdi=\count290
\l@youthdii=\count291
\l@youthdiii=\count292
\l@youthdiv=\count293
\l@youthdv=\count294
\l@youthdvi=\count295
\l@youthdvii=\count296
\l@youtvdo=\count297
\l@youtvdi=\count298
\l@youtvdii=\count299
\l@youtvdiii=\count300
\l@youtvdiv=\count301
\l@youtvdv=\count302
\l@youtvdvi=\count303
\l@youtvdvii=\count304
\l@youtvdviii=\count305
\l@youtxci=\count306
\l@youtxcii=\count307
\l@youtxciii=\count308
\l@youtxciv=\count309
\l@youtxcv=\count310
\l@youtxcvi=\count311
\l@youtyci=\count312
\l@youtycii=\count313
\l@youtyciii=\count314
\l@youtyciv=\count315
\l@youtycv=\count316
\l@youtycvi=\count317
\l@youtycvii=\count318
\l@youtycviii=\count319
\l@youtxco=\count320
\l@youtyco=\count321
\l@ytempdima=\skip71
\stockwidth=\skip72
\stockheight=\skip73
\trimedge=\skip74
\trimtop=\skip75
\uppermargin=\skip76
\spinemargin=\skip77
)
(C:\Users\Mrunmoy Jena\AppData\Local\Programs\MiKTeX\tex/latex/sectsty\sectsty.
sty
Package: sectsty 2002/02/25 v2.0.2 Commands to change all sectional heading sty
les


LaTeX Warning: Command \underbar  has changed.
               Check if current package is valid.


LaTeX Warning: Command \underline  has changed.
               Check if current package is valid.

)
(C:\Users\Mrunmoy Jena\AppData\Local\Programs\MiKTeX\tex/latex/setspace\setspac
e.sty
Package: setspace 2011/12/19 v6.7a set line spacing
)
(C:\Users\Mrunmoy Jena\AppData\Local\Programs\MiKTeX\tex/latex/parskip\parskip.
sty
Package: parskip 2021-03-14 v2.0h non-zero parskip adjustments

(C:\Users\Mrunmoy Jena\AppData\Local\Programs\MiKTeX\tex/latex/kvoptions\kvopti
ons.sty
Package: kvoptions 2020-10-07 v3.14 Key value format for package options (HO)

(C:\Users\Mrunmoy Jena\AppData\Local\Programs\MiKTeX\tex/generic/ltxcmds\ltxcmd
s.sty
Package: ltxcmds 2020-05-10 v1.25 LaTeX kernel commands for general use (HO)
)
(C:\Users\Mrunmoy Jena\AppData\Local\Programs\MiKTeX\tex/generic/kvsetkeys\kvse
tkeys.sty
Package: kvsetkeys 2019/12/15 v1.18 Key value parser (HO)
))
(C:\Users\Mrunmoy Jena\AppData\Local\Programs\MiKTeX\tex/latex/etoolbox\etoolbo
x.sty
Package: etoolbox 2020/10/05 v2.5k e-TeX tools for LaTeX (JAW)
\etb@tempcnta=\count322
))
(C:\Users\Mrunmoy Jena\AppData\Local\Programs\MiKTeX\tex/latex/enumitem\enumite
m.sty
Package: enumitem 2019/06/20 v3.9 Customized lists
\labelindent=\skip78
\enit@outerparindent=\dimen158
\enit@toks=\toks24
\enit@inbox=\box53
\enit@count@id=\count323
\enitdp@description=\count324
)
(C:\Users\Mrunmoy Jena\AppData\Local\Programs\MiKTeX\tex/latex/titlesec\titlese
c.sty
Package: titlesec 2019/10/16 v2.13 Sectioning titles
\ttl@box=\box54
\beforetitleunit=\skip79
\aftertitleunit=\skip80
\ttl@plus=\dimen159
\ttl@minus=\dimen160
\ttl@toksa=\toks25
\titlewidth=\dimen161
\titlewidthlast=\dimen162
\titlewidthfirst=\dimen163
)
(C:\Users\Mrunmoy Jena\AppData\Local\Programs\MiKTeX\tex/latex/was\gensymb.sty
Package: gensymb 2003/07/02 v1.0 (WaS)
)
(C:\Users\Mrunmoy Jena\AppData\Local\Programs\MiKTeX\tex/latex/mathtools\mathto
ols.sty
Package: mathtools 2021/04/12 v1.27 mathematical typesetting tools

(C:\Users\Mrunmoy Jena\AppData\Local\Programs\MiKTeX\tex/latex/tools\calc.sty
Package: calc 2017/05/25 v4.3 Infix arithmetic (KKT,FJ)
\calc@Acount=\count325
\calc@Bcount=\count326
\calc@Adimen=\dimen164
\calc@Bdimen=\dimen165
\calc@Askip=\skip81
\calc@Bskip=\skip82
LaTeX Info: Redefining \setlength on input line 80.
LaTeX Info: Redefining \addtolength on input line 81.
\calc@Ccount=\count327
\calc@Cskip=\skip83
)
(C:\Users\Mrunmoy Jena\AppData\Local\Programs\MiKTeX\tex/latex/mathtools\mhsetu
p.sty
Package: mhsetup 2021/03/18 v1.4 programming setup (MH)
)
LaTeX Info: Thecontrolsequence`\('isalreadyrobust on input line 130.
LaTeX Info: Thecontrolsequence`\)'isalreadyrobust on input line 130.
LaTeX Info: Thecontrolsequence`\['isalreadyrobust on input line 130.
LaTeX Info: Thecontrolsequence`\]'isalreadyrobust on input line 130.
\g_MT_multlinerow_int=\count328
\l_MT_multwidth_dim=\dimen166
\origjot=\skip84
\l_MT_shortvdotswithinadjustabove_dim=\dimen167
\l_MT_shortvdotswithinadjustbelow_dim=\dimen168
\l_MT_above_intertext_sep=\dimen169
\l_MT_below_intertext_sep=\dimen170
\l_MT_above_shortintertext_sep=\dimen171
\l_MT_below_shortintertext_sep=\dimen172
\xmathstrut@box=\box55
\xmathstrut@dim=\dimen173
)
(C:\Users\Mrunmoy Jena\AppData\Local\Programs\MiKTeX\tex/latex/url\url.sty
\Urlmuskip=\muskip17
Package: url 2013/09/16  ver 3.4  Verb mode for urls, etc.
)
(C:\Users\Mrunmoy Jena\AppData\Local\Programs\MiKTeX\tex/latex/tools\verbatim.s
ty
Package: verbatim 2020-07-07 v1.5u LaTeX2e package for verbatim enhancements
\every@verbatim=\toks26
\verbatim@line=\toks27
\verbatim@in@stream=\read2
)
(C:\Users\Mrunmoy Jena\AppData\Local\Programs\MiKTeX\tex/latex/siunitx\siunitx.
sty
Package: siunitx 2021-06-29 v3.0.17 A comprehensive (SI) units package
\l__siunitx_angle_tmp_dim=\dimen174
\l__siunitx_angle_marker_box=\box56
\l__siunitx_angle_unit_box=\box57
\l__siunitx_compound_count_int=\count329

(C:\Users\Mrunmoy Jena\AppData\Local\Programs\MiKTeX\tex/latex/translations\tra
nslations.sty
Package: translations 2021/01/17 v1.10a internationalization of LaTeX2e package
s (CN)

(C:\Users\Mrunmoy Jena\AppData\Local\Programs\MiKTeX\tex/generic/pdftexcmds\pdf
texcmds.sty
Package: pdftexcmds 2020-06-27 v0.33 Utility functions of pdfTeX for LuaTeX (HO
)

(C:\Users\Mrunmoy Jena\AppData\Local\Programs\MiKTeX\tex/generic/infwarerr\infw
arerr.sty
Package: infwarerr 2019/12/03 v1.5 Providing info/warning/error messages (HO)
)
Package pdftexcmds Info: \pdf@primitive is available.
Package pdftexcmds Info: \pdf@ifprimitive is available.
Package pdftexcmds Info: \pdfdraftmode found.
))
\l__siunitx_number_exponent_fixed_int=\count330
\l__siunitx_number_min_decimal_int=\count331
\l__siunitx_number_min_integer_int=\count332
\l__siunitx_number_round_precision_int=\count333
\l__siunitx_number_group_minimum_int=\count334

(C:\Users\Mrunmoy Jena\AppData\Local\Programs\MiKTeX\tex/latex/graphics\color.s
ty
Package: color 2020/02/24 v1.2b Standard LaTeX Color (DPC)

(C:\Users\Mrunmoy Jena\AppData\Local\Programs\MiKTeX\tex/latex/graphics-cfg\col
or.cfg
File: color.cfg 2016/01/02 v1.6 sample color configuration
)
Package color Info: Driver file: pdftex.def on input line 149.
)
\l__siunitx_table_tmp_box=\box58
\l__siunitx_table_tmp_dim=\dimen175
\l__siunitx_table_column_width_dim=\dimen176
\l__siunitx_table_integer_box=\box59
\l__siunitx_table_decimal_box=\box60
\l__siunitx_table_before_box=\box61
\l__siunitx_table_after_box=\box62
\l__siunitx_table_before_dim=\dimen177
\l__siunitx_table_carry_dim=\dimen178
\l__siunitx_unit_tmp_int=\count335
\l__siunitx_unit_position_int=\count336
\l__siunitx_unit_total_int=\count337

(C:\Users\Mrunmoy Jena\AppData\Local\Programs\MiKTeX\tex/latex/l3packages/l3key
s2e\l3keys2e.sty
(C:\Users\Mrunmoy Jena\AppData\Local\Programs\MiKTeX\tex/latex/l3kernel\expl3.s
ty
Package: expl3 2021-06-01 L3 programming layer (loader) 

(C:\Users\Mrunmoy Jena\AppData\Local\Programs\MiKTeX\tex/latex/l3backend\l3back
end-pdftex.def
File: l3backend-pdftex.def 2021-05-07 L3 backend support: PDF output (pdfTeX)
\l__color_backend_stack_int=\count338
\l__pdf_internal_box=\box63
))
Package: l3keys2e 2021-06-01 LaTeX2e option processing using LaTeX3 keys
)
(C:\Users\Mrunmoy Jena\AppData\Local\Programs\MiKTeX\tex/latex/tools\array.sty
Package: array 2021/04/20 v2.5e Tabular extension package (FMi)
\col@sep=\dimen179
\ar@mcellbox=\box64
\extrarowheight=\dimen180
\NC@list=\toks28
\extratabsurround=\skip85
\backup@length=\skip86
\ar@cellbox=\box65
))
(C:\Users\Mrunmoy Jena\AppData\Local\Programs\MiKTeX\tex/latex/physics\physics.
sty
Package: physics 

(C:\Users\Mrunmoy Jena\AppData\Local\Programs\MiKTeX\tex/latex/l3packages/xpars
e\xparse.sty
Package: xparse 2021-06-01 L3 Experimental document command parser
))
(C:\Users\Mrunmoy Jena\AppData\Local\Programs\MiKTeX\tex/latex/diagbox\diagbox.
sty
Package: diagbox 2020/02/09 v2.3 Making table heads with diagonal lines

(C:\Users\Mrunmoy Jena\AppData\Local\Programs\MiKTeX\tex/latex/pict2e\pict2e.st
y
Package: pict2e 2020/09/30 v0.4b Improved picture commands (HjG,RN,JT)

(C:\Users\Mrunmoy Jena\AppData\Local\Programs\MiKTeX\tex/latex/pict2e\pict2e.cf
g
File: pict2e.cfg 2016/02/05 v0.1u pict2e configuration for teTeX/TeXLive
)
Package pict2e Info: Driver file: pdftex.def on input line 112.
Package pict2e Info: Driver file for pict2e: p2e-pdftex.def on input line 114.

(C:\Users\Mrunmoy Jena\AppData\Local\Programs\MiKTeX\tex/latex/pict2e\p2e-pdfte
x.def
File: p2e-pdftex.def 2016/02/05 v0.1u Driver-dependant file (RN,HjG,JT)
)
\pIIe@GRAPH=\toks29
\@arclen=\dimen181
\@arcrad=\dimen182
\pIIe@tempdima=\dimen183
\pIIe@tempdimb=\dimen184
\pIIe@tempdimc=\dimen185
\pIIe@tempdimd=\dimen186
\pIIe@tempdime=\dimen187
\pIIe@tempdimf=\dimen188
)
\diagbox@boxa=\box66
\diagbox@boxb=\box67
\diagbox@boxm=\box68
\diagbox@wd=\dimen189
\diagbox@ht=\dimen190
\diagbox@insepl=\dimen191
\diagbox@insepr=\dimen192
\diagbox@outsepl=\dimen193
\diagbox@outsepr=\dimen194
)
(C:\Users\Mrunmoy Jena\AppData\Local\Programs\MiKTeX\tex/latex/caption\caption.
sty
Package: caption 2020/10/26 v3.5g Customizing captions (AR)

(C:\Users\Mrunmoy Jena\AppData\Local\Programs\MiKTeX\tex/latex/caption\caption3
.sty
Package: caption3 2020/10/21 v2.2e caption3 kernel (AR)
\captionmargin=\dimen195
\captionmargin@=\dimen196
\captionwidth=\dimen197
\caption@tempdima=\dimen198
\caption@indent=\dimen199
\caption@parindent=\dimen256
\caption@hangindent=\dimen257
Package caption Info: Standard document class detected.
)
\c@caption@flags=\count339
\c@continuedfloat=\count340
)
(C:\Users\Mrunmoy Jena\AppData\Local\Programs\MiKTeX\tex/latex/caption\subcapti
on.sty
Package: subcaption 2020/10/07 v1.3j Sub-captions (AR)
\c@subfigure=\count341
\c@subtable=\count342
)
(C:\Users\Mrunmoy Jena\AppData\Local\Programs\MiKTeX\tex/latex/hyperref\hyperre
f.sty
Package: hyperref 2021-06-05 v7.00l Hypertext links for LaTeX

(C:\Users\Mrunmoy Jena\AppData\Local\Programs\MiKTeX\tex/generic/kvdefinekeys\k
vdefinekeys.sty
Package: kvdefinekeys 2019-12-19 v1.6 Define keys (HO)
)
(C:\Users\Mrunmoy Jena\AppData\Local\Programs\MiKTeX\tex/generic/pdfescape\pdfe
scape.sty
Package: pdfescape 2019/12/09 v1.15 Implements pdfTeX's escape features (HO)
)
(C:\Users\Mrunmoy Jena\AppData\Local\Programs\MiKTeX\tex/latex/hycolor\hycolor.
sty
Package: hycolor 2020-01-27 v1.10 Color options for hyperref/bookmark (HO)
)
(C:\Users\Mrunmoy Jena\AppData\Local\Programs\MiKTeX\tex/latex/letltxmacro\letl
txmacro.sty
Package: letltxmacro 2019/12/03 v1.6 Let assignment for LaTeX macros (HO)
)
(C:\Users\Mrunmoy Jena\AppData\Local\Programs\MiKTeX\tex/latex/auxhook\auxhook.
sty
Package: auxhook 2019-12-17 v1.6 Hooks for auxiliary files (HO)
)
\@linkdim=\dimen258
\Hy@linkcounter=\count343
\Hy@pagecounter=\count344

(C:\Users\Mrunmoy Jena\AppData\Local\Programs\MiKTeX\tex/latex/hyperref\pd1enc.
def
File: pd1enc.def 2021-06-05 v7.00l Hyperref: PDFDocEncoding definition (HO)
Now handling font encoding PD1 ...
... no UTF-8 mapping file for font encoding PD1
)
(C:\Users\Mrunmoy Jena\AppData\Local\Programs\MiKTeX\tex/latex/hyperref\hyperre
f-langpatches.def
File: hyperref-langpatches.def 2021-06-05 v7.00l Hyperref: patches for babel la
nguages
)
(C:\Users\Mrunmoy Jena\AppData\Local\Programs\MiKTeX\tex/generic/intcalc\intcal
c.sty
Package: intcalc 2019/12/15 v1.3 Expandable calculations with integers (HO)
)
(C:\Users\Mrunmoy Jena\AppData\Local\Programs\MiKTeX\tex/generic/etexcmds\etexc
mds.sty
Package: etexcmds 2019/12/15 v1.7 Avoid name clashes with e-TeX commands (HO)
)
\Hy@SavedSpaceFactor=\count345

(C:\Users\Mrunmoy Jena\AppData\Local\Programs\MiKTeX\tex/latex/hyperref\puenc.d
ef
File: puenc.def 2021-06-05 v7.00l Hyperref: PDF Unicode definition (HO)
Now handling font encoding PU ...
... no UTF-8 mapping file for font encoding PU
)
Package hyperref Info: Hyper figures OFF on input line 4192.
Package hyperref Info: Link nesting OFF on input line 4197.
Package hyperref Info: Hyper index ON on input line 4200.
Package hyperref Info: Plain pages OFF on input line 4207.
Package hyperref Info: Backreferencing OFF on input line 4212.
Package hyperref Info: Implicit mode ON; LaTeX internals redefined.
Package hyperref Info: Bookmarks ON on input line 4445.
\c@Hy@tempcnt=\count346
LaTeX Info: Redefining \url on input line 4804.
\XeTeXLinkMargin=\dimen259

(C:\Users\Mrunmoy Jena\AppData\Local\Programs\MiKTeX\tex/generic/bitset\bitset.
sty
Package: bitset 2019/12/09 v1.3 Handle bit-vector datatype (HO)

(C:\Users\Mrunmoy Jena\AppData\Local\Programs\MiKTeX\tex/generic/bigintcalc\big
intcalc.sty
Package: bigintcalc 2019/12/15 v1.5 Expandable calculations on big integers (HO
)
))
\Fld@menulength=\count347
\Field@Width=\dimen260
\Fld@charsize=\dimen261
Package hyperref Info: Hyper figures OFF on input line 6076.
Package hyperref Info: Link nesting OFF on input line 6081.
Package hyperref Info: Hyper index ON on input line 6084.
Package hyperref Info: backreferencing OFF on input line 6091.
Package hyperref Info: Link coloring OFF on input line 6096.
Package hyperref Info: Link coloring with OCG OFF on input line 6101.
Package hyperref Info: PDF/A mode OFF on input line 6106.
LaTeX Info: Redefining \ref on input line 6146.
LaTeX Info: Redefining \pageref on input line 6150.

(C:\Users\Mrunmoy Jena\AppData\Local\Programs\MiKTeX\tex/latex/base\atbegshi-lt
x.sty
Package: atbegshi-ltx 2021/01/10 v1.0c Emulation of the original atbegshi
package with kernel methods
)
\Hy@abspage=\count348
\c@Item=\count349
\c@Hfootnote=\count350
)
Package hyperref Info: Driver (autodetected): hpdftex.

(C:\Users\Mrunmoy Jena\AppData\Local\Programs\MiKTeX\tex/latex/hyperref\hpdftex
.def
File: hpdftex.def 2021-06-05 v7.00l Hyperref driver for pdfTeX

(C:\Users\Mrunmoy Jena\AppData\Local\Programs\MiKTeX\tex/latex/base\atveryend-l
tx.sty
Package: atveryend-ltx 2020/08/19 v1.0a Emulation of the original atvery packag
e
with kernel methods
)
\Fld@listcount=\count351
\c@bookmark@seq@number=\count352

(C:\Users\Mrunmoy Jena\AppData\Local\Programs\MiKTeX\tex/latex/rerunfilecheck\r
erunfilecheck.sty
Package: rerunfilecheck 2019/12/05 v1.9 Rerun checks for auxiliary files (HO)

(C:\Users\Mrunmoy Jena\AppData\Local\Programs\MiKTeX\tex/generic/uniquecounter\
uniquecounter.sty
Package: uniquecounter 2019/12/15 v1.4 Provide unlimited unique counter (HO)
)
Package uniquecounter Info: New unique counter `rerunfilecheck' on input line 2
86.
)
\Hy@SectionHShift=\skip87
)
(C:\Users\Mrunmoy Jena\AppData\Local\Programs\MiKTeX\tex/latex/biblatex\biblate
x.sty
Package: biblatex 2020/12/31 v3.16 programmable bibliographies (PK/MW)

(C:\Users\Mrunmoy Jena\AppData\Local\Programs\MiKTeX\tex/latex/logreq\logreq.st
y
Package: logreq 2010/08/04 v1.0 xml request logger
\lrq@indent=\count353

(C:\Users\Mrunmoy Jena\AppData\Local\Programs\MiKTeX\tex/latex/logreq\logreq.de
f
File: logreq.def 2010/08/04 v1.0 logreq spec v1.0
))
(C:\Users\Mrunmoy Jena\AppData\Local\Programs\MiKTeX\tex/latex/base\ifthen.sty
Package: ifthen 2020/11/24 v1.1c Standard LaTeX ifthen package (DPC)
)
\c@tabx@nest=\count354
\c@listtotal=\count355
\c@listcount=\count356
\c@liststart=\count357
\c@liststop=\count358
\c@citecount=\count359
\c@citetotal=\count360
\c@multicitecount=\count361
\c@multicitetotal=\count362
\c@instcount=\count363
\c@maxnames=\count364
\c@minnames=\count365
\c@maxitems=\count366
\c@minitems=\count367
\c@citecounter=\count368
\c@maxcitecounter=\count369
\c@savedcitecounter=\count370
\c@uniquelist=\count371
\c@uniquename=\count372
\c@refsection=\count373
\c@refsegment=\count374
\c@maxextratitle=\count375
\c@maxextratitleyear=\count376
\c@maxextraname=\count377
\c@maxextradate=\count378
\c@maxextraalpha=\count379
\c@abbrvpenalty=\count380
\c@highnamepenalty=\count381
\c@lownamepenalty=\count382
\c@maxparens=\count383
\c@parenlevel=\count384
\blx@tempcnta=\count385
\blx@tempcntb=\count386
\blx@tempcntc=\count387
\blx@maxsection=\count388
\blx@maxsegment@0=\count389
\blx@notetype=\count390
\blx@parenlevel@text=\count391
\blx@parenlevel@foot=\count392
\blx@sectionciteorder@0=\count393
\blx@entrysetcounter=\count394
\blx@biblioinstance=\count395
\labelnumberwidth=\skip88
\labelalphawidth=\skip89
\biblabelsep=\skip90
\bibitemsep=\skip91
\bibnamesep=\skip92
\bibinitsep=\skip93
\bibparsep=\skip94
\bibhang=\skip95
\blx@bcfin=\read3
\blx@bcfout=\write3
\blx@langwohyphens=\language79
\c@mincomprange=\count396
\c@maxcomprange=\count397
\c@mincompwidth=\count398
Package biblatex Info: Trying to load biblatex default data model...
Package biblatex Info: ... file 'blx-dm.def' found.

(C:\Users\Mrunmoy Jena\AppData\Local\Programs\MiKTeX\tex/latex/biblatex\blx-dm.
def
File: blx-dm.def 2020/12/31 v3.16 biblatex localization (PK/MW)
)
Package biblatex Info: Trying to load biblatex style data model...
Package biblatex Info: ... file 'phys.dbx' found.

(C:\Users\Mrunmoy Jena\AppData\Local\Programs\MiKTeX\tex/latex/biblatex-phys\ph
ys.dbx
File: phys.dbx 2019/12/03 v1.1b biblatex database model extension
)
Package biblatex Info: Trying to load biblatex custom data model...
Package biblatex Info: ... file 'biblatex-dm.cfg' not found.
\c@afterword=\count399
\c@savedafterword=\count400
\c@annotator=\count401
\c@savedannotator=\count402
\c@author=\count403
\c@savedauthor=\count404
\c@bookauthor=\count405
\c@savedbookauthor=\count406
\c@commentator=\count407
\c@savedcommentator=\count408
\c@editor=\count409
\c@savededitor=\count410
\c@editora=\count411
\c@savededitora=\count412
\c@editorb=\count413
\c@savededitorb=\count414
\c@editorc=\count415
\c@savededitorc=\count416
\c@foreword=\count417
\c@savedforeword=\count418
\c@holder=\count419
\c@savedholder=\count420
\c@introduction=\count421
\c@savedintroduction=\count422
\c@namea=\count423
\c@savednamea=\count424
\c@nameb=\count425
\c@savednameb=\count426
\c@namec=\count427
\c@savednamec=\count428
\c@translator=\count429
\c@savedtranslator=\count430
\c@shortauthor=\count431
\c@savedshortauthor=\count432
\c@shorteditor=\count433
\c@savedshorteditor=\count434
\c@labelname=\count435
\c@savedlabelname=\count436
\c@institution=\count437
\c@savedinstitution=\count438
\c@lista=\count439
\c@savedlista=\count440
\c@listb=\count441
\c@savedlistb=\count442
\c@listc=\count443
\c@savedlistc=\count444
\c@listd=\count445
\c@savedlistd=\count446
\c@liste=\count447
\c@savedliste=\count448
\c@listf=\count449
\c@savedlistf=\count450
\c@location=\count451
\c@savedlocation=\count452
\c@organization=\count453
\c@savedorganization=\count454
\c@origlocation=\count455
\c@savedoriglocation=\count456
\c@origpublisher=\count457
\c@savedorigpublisher=\count458
\c@publisher=\count459
\c@savedpublisher=\count460
\c@language=\count461
\c@savedlanguage=\count462
\c@origlanguage=\count463
\c@savedoriglanguage=\count464
\c@pageref=\count465
\c@savedpageref=\count466
\shorthandwidth=\skip96
\shortjournalwidth=\skip97
\shortserieswidth=\skip98
\shorttitlewidth=\skip99
\shortauthorwidth=\skip100
\shorteditorwidth=\skip101
\locallabelnumberwidth=\skip102
\locallabelalphawidth=\skip103
\localshorthandwidth=\skip104
\localshortjournalwidth=\skip105
\localshortserieswidth=\skip106
\localshorttitlewidth=\skip107
\localshortauthorwidth=\skip108
\localshorteditorwidth=\skip109
Package biblatex Info: Trying to load compatibility code...
Package biblatex Info: ... file 'blx-compat.def' found.

(C:\Users\Mrunmoy Jena\AppData\Local\Programs\MiKTeX\tex/latex/biblatex\blx-com
pat.def
File: blx-compat.def 2020/12/31 v3.16 biblatex compatibility (PK/MW)
)
Package biblatex Info: Trying to load generic definitions...
Package biblatex Info: ... file 'biblatex.def' found.

(C:\Users\Mrunmoy Jena\AppData\Local\Programs\MiKTeX\tex/latex/biblatex\biblate
x.def
File: biblatex.def 2020/12/31 v3.16 biblatex compatibility (PK/MW)
\c@textcitecount=\count467
\c@textcitetotal=\count468
\c@textcitemaxnames=\count469
\c@biburlbigbreakpenalty=\count470
\c@biburlbreakpenalty=\count471
\c@biburlnumpenalty=\count472
\c@biburlucpenalty=\count473
\c@biburllcpenalty=\count474
\biburlbigskip=\muskip18
\biburlnumskip=\muskip19
\biburlucskip=\muskip20
\biburllcskip=\muskip21
\c@smartand=\count475
)
Package biblatex Info: Trying to load bibliography style 'phys'...
Package biblatex Info: ... file 'phys.bbx' found.

(C:\Users\Mrunmoy Jena\AppData\Local\Programs\MiKTeX\tex/latex/biblatex-phys\ph
ys.bbx
File: phys.bbx 2019/12/03 v1.1b biblatex bibliography style
Package biblatex Info: Trying to load bibliography style 'numeric-comp'...
Package biblatex Info: ... file 'numeric-comp.bbx' found.

(C:\Users\Mrunmoy Jena\AppData\Local\Programs\MiKTeX\tex/latex/biblatex/bbx\num
eric-comp.bbx
File: numeric-comp.bbx 2020/12/31 v3.16 biblatex bibliography style (PK/MW)
Package biblatex Info: Trying to load bibliography style 'numeric'...
Package biblatex Info: ... file 'numeric.bbx' found.

(C:\Users\Mrunmoy Jena\AppData\Local\Programs\MiKTeX\tex/latex/biblatex/bbx\num
eric.bbx
File: numeric.bbx 2020/12/31 v3.16 biblatex bibliography style (PK/MW)
Package biblatex Info: Trying to load bibliography style 'standard'...
Package biblatex Info: ... file 'standard.bbx' found.

(C:\Users\Mrunmoy Jena\AppData\Local\Programs\MiKTeX\tex/latex/biblatex/bbx\sta
ndard.bbx
File: standard.bbx 2020/12/31 v3.16 biblatex bibliography style (PK/MW)
\c@bbx:relatedcount=\count476
\c@bbx:relatedtotal=\count477
))))
Package biblatex Info: Trying to load citation style 'phys'...
Package biblatex Info: ... file 'phys.cbx' found.

(C:\Users\Mrunmoy Jena\AppData\Local\Programs\MiKTeX\tex/latex/biblatex-phys\ph
ys.cbx
File: phys.cbx 2019/12/03 v1.1b biblatex citation style
Package biblatex Info: Trying to load citation style 'numeric-comp'...
Package biblatex Info: ... file 'numeric-comp.cbx' found.

(C:\Users\Mrunmoy Jena\AppData\Local\Programs\MiKTeX\tex/latex/biblatex/cbx\num
eric-comp.cbx
File: numeric-comp.cbx 2020/12/31 v3.16 biblatex citation style (PK/MW)
\c@cbx@tempcnta=\count478
\c@cbx@tempcntb=\count479
\c@cbx@tempcntc=\count480
\c@cbx@tempcntd=\count481
Package biblatex Info: Redefining '\cite'.
Package biblatex Info: Redefining '\parencite'.
Package biblatex Info: Redefining '\footcite'.
Package biblatex Info: Redefining '\footcitetext'.
Package biblatex Info: Redefining '\smartcite'.
Package biblatex Info: Redefining '\supercite'.
Package biblatex Info: Redefining '\textcite'.
Package biblatex Info: Redefining '\textcites'.
Package biblatex Info: Redefining '\cites'.
Package biblatex Info: Redefining '\parencites'.
Package biblatex Info: Redefining '\smartcites'.
))
Package biblatex Info: Trying to load configuration file...
Package biblatex Info: ... file 'biblatex.cfg' found.

(C:\Users\Mrunmoy Jena\AppData\Local\Programs\MiKTeX\tex/latex/biblatex\biblate
x.cfg
File: biblatex.cfg 
))
(C:\Users\Mrunmoy Jena\AppData\Local\Programs\MiKTeX\tex/latex/appendix\appendi
x.sty
Package: appendix 2020/02/08 v1.2c extra appendix facilities
\c@@pps=\count482
\c@@ppsavesec=\count483
\c@@ppsaveapp=\count484
)
(C:\Users\Mrunmoy Jena\AppData\Local\Programs\MiKTeX\tex/latex/float\float.sty
Package: float 2001/11/08 v1.3d Float enhancements (AL)
\c@float@type=\count485
\float@exts=\toks30
\float@box=\box69
\@float@everytoks=\toks31
\@floatcapt=\box70
)
Package translations Info: No language package found. I am going to use `englis
h' as default language. on input line 30.
\@quotelevel=\count486
\@quotereset=\count487
(Labreport.aux)
\openout1 = `Labreport.aux'.

LaTeX Font Info:    Checking defaults for OML/cmm/m/it on input line 30.
LaTeX Font Info:    ... okay on input line 30.
LaTeX Font Info:    Checking defaults for OMS/cmsy/m/n on input line 30.
LaTeX Font Info:    ... okay on input line 30.
LaTeX Font Info:    Checking defaults for OT1/cmr/m/n on input line 30.
LaTeX Font Info:    ... okay on input line 30.
LaTeX Font Info:    Checking defaults for T1/cmr/m/n on input line 30.
LaTeX Font Info:    ... okay on input line 30.
LaTeX Font Info:    Checking defaults for TS1/cmr/m/n on input line 30.
LaTeX Font Info:    ... okay on input line 30.
LaTeX Font Info:    Checking defaults for OMX/cmex/m/n on input line 30.
LaTeX Font Info:    ... okay on input line 30.
LaTeX Font Info:    Checking defaults for U/cmr/m/n on input line 30.
LaTeX Font Info:    ... okay on input line 30.
LaTeX Font Info:    Checking defaults for PD1/pdf/m/n on input line 30.
LaTeX Font Info:    ... okay on input line 30.
LaTeX Font Info:    Checking defaults for PU/pdf/m/n on input line 30.
LaTeX Font Info:    ... okay on input line 30.

*geometry* driver: auto-detecting
*geometry* detected driver: pdftex
*geometry* verbose mode - [ preamble ] result:
* driver: pdftex
* paper: a4paper
* layout: <same size as paper>
* layoutoffset:(h,v)=(0.0pt,0.0pt)
* modes: 
* h-part:(L,W,R)=(72.26999pt, 452.9679pt, 72.26999pt)
* v-part:(T,H,B)=(72.26999pt, 664.37186pt, 108.405pt)
* \paperwidth=597.50787pt
* \paperheight=845.04684pt
* \textwidth=452.9679pt
* \textheight=664.37186pt
* \oddsidemargin=0.0pt
* \evensidemargin=0.0pt
* \topmargin=-37.0pt
* \headheight=12.0pt
* \headsep=25.0pt
* \topskip=10.0pt
* \footskip=30.0pt
* \marginparwidth=57.0pt
* \marginparsep=11.0pt
* \columnsep=10.0pt
* \skip\footins=9.0pt plus 4.0pt minus 2.0pt
* \hoffset=0.0pt
* \voffset=0.0pt
* \mag=1000
* \@twocolumnfalse
* \@twosidefalse
* \@mparswitchfalse
* \@reversemarginfalse
* (1in=72.27pt=25.4mm, 1cm=28.453pt)


(C:\Users\Mrunmoy Jena\AppData\Local\Programs\MiKTeX\tex/context/base/mkii\supp
-pdf.mkii
[Loading MPS to PDF converter (version 2006.09.02).]
\scratchcounter=\count488
\scratchdimen=\dimen262
\scratchbox=\box71
\nofMPsegments=\count489
\nofMParguments=\count490
\everyMPshowfont=\toks32
\MPscratchCnt=\count491
\MPscratchDim=\dimen263
\MPnumerator=\count492
\makeMPintoPDFobject=\count493
\everyMPtoPDFconversion=\toks33
)
(C:\Users\Mrunmoy Jena\AppData\Local\Programs\MiKTeX\tex/latex/epstopdf-pkg\eps
topdf-base.sty
Package: epstopdf-base 2020-01-24 v2.11 Base part for package epstopdf
Package epstopdf-base Info: Redefining graphics rule for `.eps' on input line 4
85.

(C:\Users\Mrunmoy Jena\AppData\Local\Programs\MiKTeX\tex/latex/00miktex\epstopd
f-sys.cfg
File: epstopdf-sys.cfg 2021/03/18 v2.0 Configuration of epstopdf for MiKTeX
))

Package layouts Warning: Layout scale set to 0.5 on input line 30.

LaTeX Info: Redefining \celsius on input line 30.
Package gensymb Info: Faking symbols for \degree and \celsius on input line 30.


Package gensymb Warning: Not defining \perthousand.

LaTeX Info: Redefining \ohm on input line 30.
Package gensymb Info: Using \Omega for \ohm on input line 30.

Package gensymb Warning: Not defining \micro.


(C:\Users\Mrunmoy Jena\AppData\Local\Programs\MiKTeX\tex/latex/translations/dic
ts\translations-basic-dictionary-english.trsl
File: translations-basic-dictionary-english.trsl (english translation file `tra
nslations-basic-dictionary')
)
Package translations Info: loading dictionary `translations-basic-dictionary' f
or `english'. on input line 30.
Package caption Info: Begin \AtBeginDocument code.
Package caption Info: float package is loaded.
Package caption Info: hyperref package is loaded.
Package caption Info: End \AtBeginDocument code.


Package hyperref Warning: Height of page (\stockheight) is invalid (0.0pt),
(hyperref)                using 11in.

Package hyperref Info: Link coloring OFF on input line 30.

(C:\Users\Mrunmoy Jena\AppData\Local\Programs\MiKTeX\tex/latex/hyperref\nameref
.sty
Package: nameref 2021-04-02 v2.47 Cross-referencing by name of section

(C:\Users\Mrunmoy Jena\AppData\Local\Programs\MiKTeX\tex/latex/refcount\refcoun
t.sty
Package: refcount 2019/12/15 v3.6 Data extraction from label references (HO)
)
(C:\Users\Mrunmoy Jena\AppData\Local\Programs\MiKTeX\tex/generic/gettitlestring
\gettitlestring.sty
Package: gettitlestring 2019/12/15 v1.6 Cleanup title references (HO)
)
\c@section@level=\count494
)
LaTeX Info: Redefining \ref on input line 30.
LaTeX Info: Redefining \pageref on input line 30.
LaTeX Info: Redefining \nameref on input line 30.
 (Labreport.out) (Labreport.out)
\@outlinefile=\write4
\openout4 = `Labreport.out'.

Package biblatex Info: Trying to load language 'english'...
Package biblatex Info: ... file 'english.lbx' found.

(C:\Users\Mrunmoy Jena\AppData\Local\Programs\MiKTeX\tex/latex/biblatex/lbx\eng
lish.lbx
File: english.lbx 2020/12/31 v3.16 biblatex localization (PK/MW)
)
Package biblatex Info: Input encoding 'utf8' detected.
Package biblatex Info: Automatic encoding selection.
(biblatex)             Assuming data encoding 'utf8'.
Package biblatex Info: Document encoding is UTF8 ....
Package biblatex Info: ... and expl3
(biblatex)             2021-06-01 L3 programming layer (loader) 
(biblatex)             is new enough (at least 2020/04/06),
(biblatex)             setting 'casechanger=expl3'.

(C:\Users\Mrunmoy Jena\AppData\Local\Programs\MiKTeX\tex/latex/biblatex\blx-cas
e-expl3.sty
Package: blx-case-expl3 2020/12/31 v3.16 expl3 case changing code for biblatex
)
\openout3 = `Labreport.bcf'.

Package biblatex Info: Trying to load bibliographic data...
Package biblatex Info: ... file 'Labreport.bbl' found.
 (Labreport.bbl)
Package biblatex Info: Reference section=0 on input line 30.
Package biblatex Info: Reference segment=0 on input line 30.
LaTeX Font Info:    Trying to load font information for U+msa on input line 36.


(C:\Users\Mrunmoy Jena\AppData\Local\Programs\MiKTeX\tex/latex/amsfonts\umsa.fd
File: umsa.fd 2013/01/14 v3.01 AMS symbols A
)
LaTeX Font Info:    Trying to load font information for U+msb on input line 36.


(C:\Users\Mrunmoy Jena\AppData\Local\Programs\MiKTeX\tex/latex/amsfonts\umsb.fd
File: umsb.fd 2013/01/14 v3.01 AMS symbols B
) [1

{C:/Users/Mrunmoy Jena/AppData/Local/MiKTeX/pdftex/config/pdftex.map}]
(Labreport.toc)
\tf@toc=\write5
\openout5 = `Labreport.toc'.

 [2

]
Chapter 1.
(introduction.tex) [1

]
Chapter 2.
(Theoretical Background.tex
<./images/Standard_Model_of_Elementary_Particles.png, id=212, 770.88pt x 678.28
406pt>
File: ./images/Standard_Model_of_Elementary_Particles.png Graphic file (type pn
g)
<use ./images/Standard_Model_of_Elementary_Particles.png>
Package pdftex.def Info: ./images/Standard_Model_of_Elementary_Particles.png  u
sed on input line 6.
(pdftex.def)             Requested size: 308.34654pt x 271.3088pt.
 [2

 <./images/Standard_Model_of_Elementary_Particles.png>]

Package hyperref Warning: Token not allowed in a PDF string (Unicode):
(hyperref)                removing `math shift' on input line 43.


Package hyperref Warning: Token not allowed in a PDF string (Unicode):
(hyperref)                removing `superscript' on input line 43.


Package hyperref Warning: Token not allowed in a PDF string (Unicode):
(hyperref)                removing `math shift' on input line 43.


Package hyperref Warning: Token not allowed in a PDF string (Unicode):
(hyperref)                removing `math shift' on input line 44.


Package hyperref Warning: Token not allowed in a PDF string (Unicode):
(hyperref)                removing `superscript' on input line 44.


Package hyperref Warning: Token not allowed in a PDF string (Unicode):
(hyperref)                removing `superscript' on input line 44.


Package hyperref Warning: Token not allowed in a PDF string (Unicode):
(hyperref)                removing `math shift' on input line 44.

[3]
<./images//bhabha-s.png, id=253, 96.36pt x 53.11845pt>
File: ./images//bhabha-s.png Graphic file (type png)
<use ./images//bhabha-s.png>
Package pdftex.def Info: ./images//bhabha-s.png  used on input line 59.
(pdftex.def)             Requested size: 181.18439pt x 99.87805pt.
<./images//bhabha-t.png, id=254, 96.36pt x 57.0933pt>
File: ./images//bhabha-t.png Graphic file (type png)
<use ./images//bhabha-t.png>
Package pdftex.def Info: ./images//bhabha-t.png  used on input line 64.
(pdftex.def)             Requested size: 181.18439pt x 107.35196pt.
<./images//twophoton.png, id=255, 392.06474pt x 484.81125pt>
File: ./images//twophoton.png Graphic file (type png)
<use ./images//twophoton.png>
Package pdftex.def Info: ./images//twophoton.png  used on input line 70.
(pdftex.def)             Requested size: 163.06483pt x 201.63676pt.
<./images//eeyy.jpg, id=256, 895.345pt x 1104.125pt>
File: ./images//eeyy.jpg Graphic file (type jpg)
<use ./images//eeyy.jpg>
Package pdftex.def Info: ./images//eeyy.jpg  used on input line 77.
(pdftex.def)             Requested size: 126.8285pt x 156.39598pt.
<./images//anihillation.png, id=257, 684.75826pt x 465.53925pt>
File: ./images//anihillation.png Graphic file (type png)
<use ./images//anihillation.png>
Package pdftex.def Info: ./images//anihillation.png  used on input line 83.
(pdftex.def)             Requested size: 203.83417pt x 138.576pt.
 [4 <./images//bhabha-s.png> <./images//bhabha-t.png> <./images//twophoton.png>
 <./images//eeyy.jpg> <./images//anihillation.png>] [5]
<./images//background1.png, id=290, 425.79076pt x 289.68225pt>
File: ./images//background1.png Graphic file (type png)
<use ./images//background1.png>
Package pdftex.def Info: ./images//background1.png  used on input line 147.
(pdftex.def)             Requested size: 203.83417pt x 138.67902pt.
<./images//background2.png, id=291, 408.3255pt x 284.86424pt>
File: ./images//background2.png Graphic file (type png)
<use ./images//background2.png>
Package pdftex.def Info: ./images//background2.png  used on input line 152.
(pdftex.def)             Requested size: 203.83417pt x 142.20573pt.
<./images//background3.png, id=292, 529.37775pt x 282.45525pt>
File: ./images//background3.png Graphic file (type png)
<use ./images//background3.png>
Package pdftex.def Info: ./images//background3.png  used on input line 157.
(pdftex.def)             Requested size: 203.83417pt x 108.75636pt.
<./images//background4.png, id=293, 405.9165pt x 284.86424pt>
File: ./images//background4.png Graphic file (type png)
<use ./images//background4.png>
Package pdftex.def Info: ./images//background4.png  used on input line 162.
(pdftex.def)             Requested size: 203.83417pt x 143.049pt.
 [6]

Package hyperref Warning: Token not allowed in a PDF string (Unicode):
(hyperref)                removing `math shift' on input line 169.


Package hyperref Warning: Token not allowed in a PDF string (Unicode):
(hyperref)                removing `superscript' on input line 169.


Package hyperref Warning: Token not allowed in a PDF string (Unicode):
(hyperref)                removing `math shift' on input line 169.

[7 <./images//background1.png> <./images//background2.png> <./images//backgroun
d3.png> <./images//background4.png>]
<./images//BWdist.png, id=315, 483.0045pt x 380.622pt>
File: ./images//BWdist.png Graphic file (type png)
<use ./images//BWdist.png>
Package pdftex.def Info: ./images//BWdist.png  used on input line 194.
(pdftex.def)             Requested size: 271.7835pt x 214.17484pt.
 [8 <./images//BWdist.png>]
<./images//OPAL1.png, id=328, 563.10374pt x 521.5485pt>
File: ./images//OPAL1.png Graphic file (type png)
<use ./images//OPAL1.png>
Package pdftex.def Info: ./images//OPAL1.png  used on input line 208.
(pdftex.def)             Requested size: 312.54895pt x 289.48671pt.
 [9 <./images//OPAL1.png>]) [10]
Chapter 3.
(PreLabsolns.tex

Package hyperref Warning: Token not allowed in a PDF string (Unicode):
(hyperref)                removing `math shift' on input line 2.


Package hyperref Warning: Token not allowed in a PDF string (Unicode):
(hyperref)                removing `superscript' on input line 2.


Package hyperref Warning: Token not allowed in a PDF string (Unicode):
(hyperref)                removing `\rightarrow' on input line 2.


Package hyperref Warning: Token not allowed in a PDF string (Unicode):
(hyperref)                removing `\bool_gset_true:N' on input line 2.


Package hyperref Warning: Token not allowed in a PDF string (Unicode):
(hyperref)                removing `\g__siunitx_emulation_unit_warning_\bar_boo
l' on input line 2.


Package hyperref Warning: Token not allowed in a PDF string (Unicode):
(hyperref)                removing `\msg_warning:nnnn' on input line 2.


Package hyperref Warning: Token not allowed in a PDF string (Unicode):
(hyperref)                removing `math shift' on input line 2.

[11

]

Package hyperref Warning: Token not allowed in a PDF string (Unicode):
(hyperref)                removing `math shift' on input line 72.


Package hyperref Warning: Token not allowed in a PDF string (Unicode):
(hyperref)                removing `superscript' on input line 72.


Package hyperref Warning: Token not allowed in a PDF string (Unicode):
(hyperref)                removing `math shift' on input line 72.

[12]
<./images//angulardist.pdf, id=370, 856.78217pt x 278.9829pt>
File: ./images//angulardist.pdf Graphic file (type pdf)
<use ./images//angulardist.pdf>
Package pdftex.def Info: ./images//angulardist.pdf  used on input line 87.
(pdftex.def)             Requested size: 452.9679pt x 147.49838pt.
 [13 <./images//angulardist.pdf>]
LaTeX Font Info:    Trying to load font information for U+euf on input line 99.


(C:\Users\Mrunmoy Jena\AppData\Local\Programs\MiKTeX\tex/latex/amsfonts\ueuf.fd
File: ueuf.fd 2013/01/14 v3.01 Euler Fraktur
)) [14]
Chapter 4.
(analysis.tex

Package hyperref Warning: Token not allowed in a PDF string (Unicode):
(hyperref)                removing `math shift' on input line 11.


Package hyperref Warning: Token not allowed in a PDF string (Unicode):
(hyperref)                removing `superscript' on input line 11.


Package hyperref Warning: Token not allowed in a PDF string (Unicode):
(hyperref)                removing `superscript' on input line 11.


Package hyperref Warning: Token not allowed in a PDF string (Unicode):
(hyperref)                removing `math shift' on input line 11.


Package hyperref Warning: Token not allowed in a PDF string (Unicode):
(hyperref)                removing `math shift' on input line 14.


Package hyperref Warning: Token not allowed in a PDF string (Unicode):
(hyperref)                removing `\mu' on input line 14.


Package hyperref Warning: Token not allowed in a PDF string (Unicode):
(hyperref)                removing `superscript' on input line 14.


Package hyperref Warning: Token not allowed in a PDF string (Unicode):
(hyperref)                removing `\mu' on input line 14.


Package hyperref Warning: Token not allowed in a PDF string (Unicode):
(hyperref)                removing `superscript' on input line 14.


Package hyperref Warning: Token not allowed in a PDF string (Unicode):
(hyperref)                removing `math shift' on input line 14.


Package hyperref Warning: Token not allowed in a PDF string (Unicode):
(hyperref)                removing `math shift' on input line 17.


Package hyperref Warning: Token not allowed in a PDF string (Unicode):
(hyperref)                removing `\tau' on input line 17.


Package hyperref Warning: Token not allowed in a PDF string (Unicode):
(hyperref)                removing `superscript' on input line 17.


Package hyperref Warning: Token not allowed in a PDF string (Unicode):
(hyperref)                removing `\tau' on input line 17.


Package hyperref Warning: Token not allowed in a PDF string (Unicode):
(hyperref)                removing `superscript' on input line 17.


Package hyperref Warning: Token not allowed in a PDF string (Unicode):
(hyperref)                removing `math shift' on input line 17.

[15

]

Package hyperref Warning: Token not allowed in a PDF string (Unicode):
(hyperref)                removing `math shift' on input line 20.


Package hyperref Warning: Token not allowed in a PDF string (Unicode):
(hyperref)                removing `\bool_gset_true:N' on input line 20.


Package hyperref Warning: Token not allowed in a PDF string (Unicode):
(hyperref)                removing `\g__siunitx_emulation_unit_warning_\bar_boo
l' on input line 20.


Package hyperref Warning: Token not allowed in a PDF string (Unicode):
(hyperref)                removing `\msg_warning:nnnn' on input line 20.


Package hyperref Warning: Token not allowed in a PDF string (Unicode):
(hyperref)                removing `math shift' on input line 20.

<./images//CtrkN-pure.png, id=434, 602.25pt x 372.39125pt>
File: ./images//CtrkN-pure.png Graphic file (type png)
<use ./images//CtrkN-pure.png>
Package pdftex.def Info: ./images//CtrkN-pure.png  used on input line 27.
(pdftex.def)             Requested size: 203.83417pt x 126.03745pt.
<./images//CtrkP-pure.png, id=435, 756.8275pt x 467.7475pt>
File: ./images//CtrkP-pure.png Graphic file (type png)
<use ./images//CtrkP-pure.png>
Package pdftex.def Info: ./images//CtrkP-pure.png  used on input line 28.
(pdftex.def)             Requested size: 203.83417pt x 125.97232pt.
<./images//Ecal-pure.png, id=436, 762.85pt x 471.7625pt>
File: ./images//Ecal-pure.png Graphic file (type png)
<use ./images//Ecal-pure.png>
Package pdftex.def Info: ./images//Ecal-pure.png  used on input line 29.
(pdftex.def)             Requested size: 203.83417pt x 126.05304pt.
<./images//Hcal-pure.png, id=437, 602.25pt x 372.39125pt>
File: ./images//Hcal-pure.png Graphic file (type png)
<use ./images//Hcal-pure.png>
Package pdftex.def Info: ./images//Hcal-pure.png  used on input line 30.
(pdftex.def)             Requested size: 203.83417pt x 126.03745pt.
LaTeX Font Info:    Trying to load font information for OML+cmr on input line 4
1.
(C:\Users\Mrunmoy Jena\AppData\Local\Programs\MiKTeX\tex/latex/base\omlcmr.fd
File: omlcmr.fd 2019/12/16 v2.5j Standard LaTeX font definitions
)
LaTeX Font Info:    Font shape `OML/cmr/m/n' in size <10> not available
(Font)              Font shape `OML/cmm/m/it' tried instead on input line 41.


LaTeX Warning: `!h' float specifier changed to `!ht'.

[16]

Package hyperref Warning: Token not allowed in a PDF string (Unicode):
(hyperref)                removing `math shift' on input line 51.


Package hyperref Warning: Token not allowed in a PDF string (Unicode):
(hyperref)                removing `superscript' on input line 51.


Package hyperref Warning: Token not allowed in a PDF string (Unicode):
(hyperref)                removing `math shift' on input line 51.

[17 <./images//CtrkN-pure.png> <./images//CtrkP-pure.png> <./images//Ecal-pure.
png> <./images//Hcal-pure.png>] [18] [19] [20] [21] [22]
<./images//e213-ee-fit.pdf, id=536, 433.62pt x 289.08pt>
File: ./images//e213-ee-fit.pdf Graphic file (type pdf)
<use ./images//e213-ee-fit.pdf>
Package pdftex.def Info: ./images//e213-ee-fit.pdf  used on input line 257.
(pdftex.def)             Requested size: 203.83417pt x 135.88966pt.
<./images//e213-mm-fit.pdf, id=537, 433.62pt x 289.08pt>
File: ./images//e213-mm-fit.pdf Graphic file (type pdf)
<use ./images//e213-mm-fit.pdf>
Package pdftex.def Info: ./images//e213-mm-fit.pdf  used on input line 258.
(pdftex.def)             Requested size: 203.83417pt x 135.88966pt.
<./images//e213-tt-fit.pdf, id=538, 433.62pt x 289.08pt>
File: ./images//e213-tt-fit.pdf Graphic file (type pdf)
<use ./images//e213-tt-fit.pdf>
Package pdftex.def Info: ./images//e213-tt-fit.pdf  used on input line 259.
(pdftex.def)             Requested size: 203.83417pt x 135.88966pt.
<./images//e213-qq-fit.pdf, id=539, 433.62pt x 289.08pt>
File: ./images//e213-qq-fit.pdf Graphic file (type pdf)
<use ./images//e213-qq-fit.pdf>
Package pdftex.def Info: ./images//e213-qq-fit.pdf  used on input line 260.
(pdftex.def)             Requested size: 203.83417pt x 135.88966pt.


LaTeX Warning: `!h' float specifier changed to `!ht'.

[23]

LaTeX Warning: `!h' float specifier changed to `!ht'.

[24 <./images//e213-ee-fit.pdf> <./images//e213-mm-fit.pdf

pdfTeX warning: pdflatex (file ./images//e213-mm-fit.pdf): PDF inclusion: multi
ple pdfs with page group included in a single page
> <./images//e213-tt-fit.pdf

pdfTeX warning: pdflatex (file ./images//e213-tt-fit.pdf): PDF inclusion: multi
ple pdfs with page group included in a single page
> <./images//e213-qq-fit.pdf

pdfTeX warning: pdflatex (file ./images//e213-qq-fit.pdf): PDF inclusion: multi
ple pdfs with page group included in a single page
>]) [25]
Chapter 5.
(conclusion.tex) [26

] [27

]
Appendix A.
(appendix-data.tex

LaTeX Warning: `!h' float specifier changed to `!ht'.


LaTeX Warning: `!h' float specifier changed to `!ht'.


LaTeX Warning: `!h' float specifier changed to `!ht'.


LaTeX Warning: `!h' float specifier changed to `!ht'.


LaTeX Warning: `!h' float specifier changed to `!ht'.

) [28

] [29] [30]
Appendix B.
(appendix-plots.tex
<./images//part1ee.pdf, id=859, 551.05875pt x 548.0475pt>
File: ./images//part1ee.pdf Graphic file (type pdf)
<use ./images//part1ee.pdf>
Package pdftex.def Info: ./images//part1ee.pdf  used on input line 3.
(pdftex.def)             Requested size: 227.62204pt x 226.38179pt.
<./images//part1mm.pdf, id=860, 551.05875pt x 548.0475pt>
File: ./images//part1mm.pdf Graphic file (type pdf)
<use ./images//part1mm.pdf>
Package pdftex.def Info: ./images//part1mm.pdf  used on input line 10.
(pdftex.def)             Requested size: 227.62204pt x 226.38179pt.
<./images//part1tt.pdf, id=861, 551.05875pt x 548.0475pt>
File: ./images//part1tt.pdf Graphic file (type pdf)
<use ./images//part1tt.pdf>
Package pdftex.def Info: ./images//part1tt.pdf  used on input line 17.
(pdftex.def)             Requested size: 227.62204pt x 226.38179pt.


LaTeX Warning: `!h' float specifier changed to `!ht'.

<./images//part1qq.pdf, id=862, 551.05875pt x 548.0475pt>
File: ./images//part1qq.pdf Graphic file (type pdf)
<use ./images//part1qq.pdf>
Package pdftex.def Info: ./images//part1qq.pdf  used on input line 24.
(pdftex.def)             Requested size: 227.62204pt x 226.38179pt.

LaTeX Warning: `!h' float specifier changed to `!ht'.

<./images//globalcut_ee.pdf, id=863, 569.12625pt x 694.595pt>
File: ./images//globalcut_ee.pdf Graphic file (type pdf)
<use ./images//globalcut_ee.pdf>
Package pdftex.def Info: ./images//globalcut_ee.pdf  used on input line 30.
(pdftex.def)             Requested size: 455.30162pt x 555.67676pt.

Overfull \hbox (2.33372pt too wide) in paragraph at lines 30--31
[][] 
 []


LaTeX Warning: `!h' float specifier changed to `!ht'.

<./images//ee_cut_on_ee.pdf, id=864, 569.12625pt x 694.595pt>
File: ./images//ee_cut_on_ee.pdf Graphic file (type pdf)
<use ./images//ee_cut_on_ee.pdf>
Package pdftex.def Info: ./images//ee_cut_on_ee.pdf  used on input line 36.
(pdftex.def)             Requested size: 455.30162pt x 555.67676pt.

Overfull \hbox (2.33372pt too wide) in paragraph at lines 36--37
[][] 
 []


LaTeX Warning: `!h' float specifier changed to `!ht'.

<./images//mm_cut_on_ee.pdf, id=865, 569.12625pt x 694.595pt>
File: ./images//mm_cut_on_ee.pdf Graphic file (type pdf)
<use ./images//mm_cut_on_ee.pdf>
Package pdftex.def Info: ./images//mm_cut_on_ee.pdf  used on input line 42.
(pdftex.def)             Requested size: 455.30162pt x 555.67676pt.

Overfull \hbox (2.33372pt too wide) in paragraph at lines 42--43
[][] 
 []


LaTeX Warning: `!h' float specifier changed to `!ht'.

<./images//tt_cut_on_ee.pdf, id=866, 569.12625pt x 694.595pt>
File: ./images//tt_cut_on_ee.pdf Graphic file (type pdf)
<use ./images//tt_cut_on_ee.pdf>
Package pdftex.def Info: ./images//tt_cut_on_ee.pdf  used on input line 48.
(pdftex.def)             Requested size: 455.30162pt x 555.67676pt.

Overfull \hbox (2.33372pt too wide) in paragraph at lines 48--49
[][] 
 []


LaTeX Warning: `!h' float specifier changed to `!ht'.

<./images//qq_cut_on_ee.pdf, id=867, 569.12625pt x 694.595pt>
File: ./images//qq_cut_on_ee.pdf Graphic file (type pdf)
<use ./images//qq_cut_on_ee.pdf>
Package pdftex.def Info: ./images//qq_cut_on_ee.pdf  used on input line 54.
(pdftex.def)             Requested size: 455.30162pt x 555.67676pt.

Overfull \hbox (2.33372pt too wide) in paragraph at lines 54--55
[][] 
 []


LaTeX Warning: `!h' float specifier changed to `!ht'.

) [31

 <./images//part1ee.pdf> <./images//part1mm.pdf>] [32 <./images//part1tt.pdf> <
./images//part1qq.pdf>] [33 <./images//globalcut_ee.pdf>] [34 <./images//ee_cut
_on_ee.pdf>] [35 <./images//mm_cut_on_ee.pdf>] [36 <./images//tt_cut_on_ee.pdf>
] [37 <./images//qq_cut_on_ee.pdf>] (Labreport.lof)
\tf@lof=\write6
\openout6 = `Labreport.lof'.

 [38

] (Labreport.lot)
\tf@lot=\write7
\openout7 = `Labreport.lot'.


[39

] (Labreport.aux)

LaTeX Warning: There were undefined references.

Package rerunfilecheck Info: File `Labreport.out' has not changed.
(rerunfilecheck)             Checksum: 93E7D0D258754E426FAD8451BCDD008A;8454.

Package biblatex Warning: Please (re)run Biber on the file:
(biblatex)                Labreport
(biblatex)                and rerun LaTeX afterwards.

Package logreq Info: Writing requests to 'Labreport.run.xml'.
\openout1 = `Labreport.run.xml'.

 ) 
Here is how much of TeX's memory you used:
 25063 strings out of 478864
 472289 string characters out of 2845307
 1234655 words of memory out of 3000000
 42436 multiletter control sequences out of 15000+600000
 425779 words of font info for 110 fonts, out of 8000000 for 9000
 1141 hyphenation exceptions out of 8191
 73i,21n,81p,1975b,1699s stack positions out of 5000i,500n,10000p,200000b,80000s
{C:/Users/Mrunmoy Jena/AppData/Local/Programs/MiKTeX/fonts/enc/dvips/cm-super
/cm-super-ts1.enc}<C:/Users/Mrunmoy Jena/AppData/Local/Programs/MiKTeX/fonts/ty
pe1/public/amsfonts/cm/cmbsy10.pfb><C:/Users/Mrunmoy Jena/AppData/Local/Program
s/MiKTeX/fonts/type1/public/amsfonts/cmextra/cmbsy7.pfb><C:/Users/Mrunmoy Jena/
AppData/Local/Programs/MiKTeX/fonts/type1/public/amsfonts/cm/cmbx10.pfb><C:/Use
rs/Mrunmoy Jena/AppData/Local/Programs/MiKTeX/fonts/type1/public/amsfonts/cm/cm
bx12.pfb><C:/Users/Mrunmoy Jena/AppData/Local/Programs/MiKTeX/fonts/type1/publi
c/amsfonts/cm/cmbx7.pfb><C:/Users/Mrunmoy Jena/AppData/Local/Programs/MiKTeX/fo
nts/type1/public/amsfonts/cm/cmbx8.pfb><C:/Users/Mrunmoy Jena/AppData/Local/Pro
grams/MiKTeX/fonts/type1/public/amsfonts/cm/cmbx9.pfb><C:/Users/Mrunmoy Jena/Ap
pData/Local/Programs/MiKTeX/fonts/type1/public/amsfonts/cm/cmex10.pfb><C:/Users
/Mrunmoy Jena/AppData/Local/Programs/MiKTeX/fonts/type1/public/amsfonts/cm/cmmi
10.pfb><C:/Users/Mrunmoy Jena/AppData/Local/Programs/MiKTeX/fonts/type1/public/
amsfonts/cm/cmmi12.pfb><C:/Users/Mrunmoy Jena/AppData/Local/Programs/MiKTeX/fon
ts/type1/public/amsfonts/cm/cmmi5.pfb><C:/Users/Mrunmoy Jena/AppData/Local/Prog
rams/MiKTeX/fonts/type1/public/amsfonts/cm/cmmi6.pfb><C:/Users/Mrunmoy Jena/App
Data/Local/Programs/MiKTeX/fonts/type1/public/amsfonts/cm/cmmi7.pfb><C:/Users/M
runmoy Jena/AppData/Local/Programs/MiKTeX/fonts/type1/public/amsfonts/cm/cmmi8.
pfb><C:/Users/Mrunmoy Jena/AppData/Local/Programs/MiKTeX/fonts/type1/public/ams
fonts/cm/cmmi9.pfb><C:/Users/Mrunmoy Jena/AppData/Local/Programs/MiKTeX/fonts/t
ype1/public/amsfonts/cm/cmmib10.pfb><C:/Users/Mrunmoy Jena/AppData/Local/Progra
ms/MiKTeX/fonts/type1/public/amsfonts/cm/cmr10.pfb><C:/Users/Mrunmoy Jena/AppDa
ta/Local/Programs/MiKTeX/fonts/type1/public/amsfonts/cm/cmr12.pfb><C:/Users/Mru
nmoy Jena/AppData/Local/Programs/MiKTeX/fonts/type1/public/amsfonts/cm/cmr17.pf
b><C:/Users/Mrunmoy Jena/AppData/Local/Programs/MiKTeX/fonts/type1/public/amsfo
nts/cm/cmr5.pfb><C:/Users/Mrunmoy Jena/AppData/Local/Programs/MiKTeX/fonts/type
1/public/amsfonts/cm/cmr6.pfb><C:/Users/Mrunmoy Jena/AppData/Local/Programs/MiK
TeX/fonts/type1/public/amsfonts/cm/cmr7.pfb><C:/Users/Mrunmoy Jena/AppData/Loca
l/Programs/MiKTeX/fonts/type1/public/amsfonts/cm/cmr8.pfb><C:/Users/Mrunmoy Jen
a/AppData/Local/Programs/MiKTeX/fonts/type1/public/amsfonts/cm/cmr9.pfb><C:/Use
rs/Mrunmoy Jena/AppData/Local/Programs/MiKTeX/fonts/type1/public/amsfonts/cm/cm
sy10.pfb><C:/Users/Mrunmoy Jena/AppData/Local/Programs/MiKTeX/fonts/type1/publi
c/amsfonts/cm/cmsy6.pfb><C:/Users/Mrunmoy Jena/AppData/Local/Programs/MiKTeX/fo
nts/type1/public/amsfonts/cm/cmsy7.pfb><C:/Users/Mrunmoy Jena/AppData/Local/Pro
grams/MiKTeX/fonts/type1/public/amsfonts/cm/cmsy8.pfb><C:/Users/Mrunmoy Jena/Ap
pData/Local/Programs/MiKTeX/fonts/type1/public/amsfonts/cm/cmsy9.pfb><C:/Users/
Mrunmoy Jena/AppData/Local/Programs/MiKTeX/fonts/type1/public/amsfonts/cm/cmti1
0.pfb><C:/Users/Mrunmoy Jena/AppData/Local/Programs/MiKTeX/fonts/type1/public/a
msfonts/cm/cmti9.pfb><C:/Users/Mrunmoy Jena/AppData/Local/Programs/MiKTeX/fonts
/type1/public/amsfonts/cm/cmtt10.pfb><C:/Users/Mrunmoy Jena/AppData/Local/Progr
ams/MiKTeX/fonts/type1/public/amsfonts/euler/eufm10.pfb><C:/Users/Mrunmoy Jena/
AppData/Local/Programs/MiKTeX/fonts/type1/public/amsfonts/symbols/msbm10.pfb><C
:/Users/Mrunmoy Jena/AppData/Local/Programs/MiKTeX/fonts/type1/public/cm-super/
sfrm1000.pfb>
Output written on Labreport.pdf (41 pages, 1539240 bytes).
PDF statistics:
 1374 PDF objects out of 1440 (max. 8388607)
 177 named destinations out of 1000 (max. 500000)
 439 words of extra memory for PDF output out of 10000 (max. 10000000)

