This is pdfTeX, Version 3.141592653-2.6-1.40.22 (MiKTeX 21.6) (preloaded format=pdflatex 2021.7.3)  8 JUN 2022 23:35
entering extended mode
**./ppt.tex
(ppt.tex
LaTeX2e <2021-06-01>
L3 programming layer <2021-06-01>
(C:\Users\Mrunmoy Jena\AppData\Local\Programs\MiKTeX\tex/latex/beamer\beamer.cl
s
Document Class: beamer 2022/02/08 v3.66 A class for typesetting presentations

(C:\Users\Mrunmoy Jena\AppData\Local\Programs\MiKTeX\tex/latex/beamer\beamerbas
emodes.sty
(C:\Users\Mrunmoy Jena\AppData\Local\Programs\MiKTeX\tex/latex/etoolbox\etoolbo
x.sty
Package: etoolbox 2020/10/05 v2.5k e-TeX tools for LaTeX (JAW)
\etb@tempcnta=\count182
)
\beamer@tempbox=\box50
\beamer@tempcount=\count183
\c@beamerpauses=\count184

(C:\Users\Mrunmoy Jena\AppData\Local\Programs\MiKTeX\tex/latex/beamer\beamerbas
edecode.sty
\beamer@slideinframe=\count185
\beamer@minimum=\count186
\beamer@decode@box=\box51
)
\beamer@commentbox=\box52
\beamer@modecount=\count187
)
(C:\Users\Mrunmoy Jena\AppData\Local\Programs\MiKTeX\tex/generic/iftex\iftex.st
y
Package: iftex 2020/03/06 v1.0d TeX engine tests
)
\headdp=\dimen138
\footheight=\dimen139
\sidebarheight=\dimen140
\beamer@tempdim=\dimen141
\beamer@finalheight=\dimen142
\beamer@animht=\dimen143
\beamer@animdp=\dimen144
\beamer@animwd=\dimen145
\beamer@leftmargin=\dimen146
\beamer@rightmargin=\dimen147
\beamer@leftsidebar=\dimen148
\beamer@rightsidebar=\dimen149
\beamer@boxsize=\dimen150
\beamer@vboxoffset=\dimen151
\beamer@descdefault=\dimen152
\beamer@descriptionwidth=\dimen153
\beamer@lastskip=\skip47
\beamer@areabox=\box53
\beamer@animcurrent=\box54
\beamer@animshowbox=\box55
\beamer@sectionbox=\box56
\beamer@logobox=\box57
\beamer@linebox=\box58
\beamer@sectioncount=\count188
\beamer@subsubsectionmax=\count189
\beamer@subsectionmax=\count190
\beamer@sectionmax=\count191
\beamer@totalheads=\count192
\beamer@headcounter=\count193
\beamer@partstartpage=\count194
\beamer@sectionstartpage=\count195
\beamer@subsectionstartpage=\count196
\beamer@animationtempa=\count197
\beamer@animationtempb=\count198
\beamer@xpos=\count199
\beamer@ypos=\count266
\beamer@ypos@offset=\count267
\beamer@showpartnumber=\count268
\beamer@currentsubsection=\count269
\beamer@coveringdepth=\count270
\beamer@sectionadjust=\count271
\beamer@toclastsection=\count272
\beamer@tocsectionnumber=\count273

(C:\Users\Mrunmoy Jena\AppData\Local\Programs\MiKTeX\tex/latex/beamer\beamerbas
eoptions.sty
(C:\Users\Mrunmoy Jena\AppData\Local\Programs\MiKTeX\tex/latex/graphics\keyval.
sty
Package: keyval 2014/10/28 v1.15 key=value parser (DPC)
\KV@toks@=\toks16
))
\beamer@paperwidth=\skip48
\beamer@paperheight=\skip49

(C:\Users\Mrunmoy Jena\AppData\Local\Programs\MiKTeX\tex/latex/geometry\geometr
y.sty
Package: geometry 2020/01/02 v5.9 Page Geometry

(C:\Users\Mrunmoy Jena\AppData\Local\Programs\MiKTeX\tex/generic/iftex\ifvtex.s
ty
Package: ifvtex 2019/10/25 v1.7 ifvtex legacy package. Use iftex instead.
)
\Gm@cnth=\count274
\Gm@cntv=\count275
\c@Gm@tempcnt=\count276
\Gm@bindingoffset=\dimen154
\Gm@wd@mp=\dimen155
\Gm@odd@mp=\dimen156
\Gm@even@mp=\dimen157
\Gm@layoutwidth=\dimen158
\Gm@layoutheight=\dimen159
\Gm@layouthoffset=\dimen160
\Gm@layoutvoffset=\dimen161
\Gm@dimlist=\toks17

(C:\Users\Mrunmoy Jena\AppData\Local\Programs\MiKTeX\tex/latex/geometry\geometr
y.cfg))
(C:\Users\Mrunmoy Jena\AppData\Local\Programs\MiKTeX\tex/latex/pgf/math\pgfmath
.sty
(C:\Users\Mrunmoy Jena\AppData\Local\Programs\MiKTeX\tex/latex/pgf/utilities\pg
frcs.sty
(C:\Users\Mrunmoy Jena\AppData\Local\Programs\MiKTeX\tex/generic/pgf/utilities\
pgfutil-common.tex
\pgfutil@everybye=\toks18
\pgfutil@tempdima=\dimen162
\pgfutil@tempdimb=\dimen163

(C:\Users\Mrunmoy Jena\AppData\Local\Programs\MiKTeX\tex/generic/pgf/utilities\
pgfutil-common-lists.tex))
(C:\Users\Mrunmoy Jena\AppData\Local\Programs\MiKTeX\tex/generic/pgf/utilities\
pgfutil-latex.def
\pgfutil@abb=\box59
)
(C:\Users\Mrunmoy Jena\AppData\Local\Programs\MiKTeX\tex/generic/pgf/utilities\
pgfrcs.code.tex
(C:\Users\Mrunmoy Jena\AppData\Local\Programs\MiKTeX\tex/generic/pgf\pgf.revisi
on.tex)
Package: pgfrcs 2021/05/15 v3.1.9a (3.1.9a)
))
(C:\Users\Mrunmoy Jena\AppData\Local\Programs\MiKTeX\tex/latex/pgf/utilities\pg
fkeys.sty
(C:\Users\Mrunmoy Jena\AppData\Local\Programs\MiKTeX\tex/generic/pgf/utilities\
pgfkeys.code.tex
\pgfkeys@pathtoks=\toks19
\pgfkeys@temptoks=\toks20

(C:\Users\Mrunmoy Jena\AppData\Local\Programs\MiKTeX\tex/generic/pgf/utilities\
pgfkeysfiltered.code.tex
\pgfkeys@tmptoks=\toks21
)))
(C:\Users\Mrunmoy Jena\AppData\Local\Programs\MiKTeX\tex/generic/pgf/math\pgfma
th.code.tex
(C:\Users\Mrunmoy Jena\AppData\Local\Programs\MiKTeX\tex/generic/pgf/math\pgfma
thcalc.code.tex
(C:\Users\Mrunmoy Jena\AppData\Local\Programs\MiKTeX\tex/generic/pgf/math\pgfma
thutil.code.tex
\pgf@x=\dimen164
\pgf@xa=\dimen165
\pgf@xb=\dimen166
\pgf@xc=\dimen167
\pgf@y=\dimen168
\pgf@ya=\dimen169
\pgf@yb=\dimen170
\pgf@yc=\dimen171
\c@pgf@counta=\count277
\c@pgf@countb=\count278
\c@pgf@countc=\count279
\c@pgf@countd=\count280
)
(C:\Users\Mrunmoy Jena\AppData\Local\Programs\MiKTeX\tex/generic/pgf/math\pgfma
thparser.code.tex
\pgfmath@dimen=\dimen172
\pgfmath@count=\count281
\pgfmath@box=\box60
\pgfmath@toks=\toks22
\pgfmath@stack@operand=\toks23
\pgfmath@stack@operation=\toks24
)
(C:\Users\Mrunmoy Jena\AppData\Local\Programs\MiKTeX\tex/generic/pgf/math\pgfma
thfunctions.code.tex
(C:\Users\Mrunmoy Jena\AppData\Local\Programs\MiKTeX\tex/generic/pgf/math\pgfma
thfunctions.basic.code.tex)
(C:\Users\Mrunmoy Jena\AppData\Local\Programs\MiKTeX\tex/generic/pgf/math\pgfma
thfunctions.trigonometric.code.tex)
(C:\Users\Mrunmoy Jena\AppData\Local\Programs\MiKTeX\tex/generic/pgf/math\pgfma
thfunctions.random.code.tex)
(C:\Users\Mrunmoy Jena\AppData\Local\Programs\MiKTeX\tex/generic/pgf/math\pgfma
thfunctions.comparison.code.tex)
(C:\Users\Mrunmoy Jena\AppData\Local\Programs\MiKTeX\tex/generic/pgf/math\pgfma
thfunctions.base.code.tex)
(C:\Users\Mrunmoy Jena\AppData\Local\Programs\MiKTeX\tex/generic/pgf/math\pgfma
thfunctions.round.code.tex)
(C:\Users\Mrunmoy Jena\AppData\Local\Programs\MiKTeX\tex/generic/pgf/math\pgfma
thfunctions.misc.code.tex)
(C:\Users\Mrunmoy Jena\AppData\Local\Programs\MiKTeX\tex/generic/pgf/math\pgfma
thfunctions.integerarithmetics.code.tex)))
(C:\Users\Mrunmoy Jena\AppData\Local\Programs\MiKTeX\tex/generic/pgf/math\pgfma
thfloat.code.tex
\c@pgfmathroundto@lastzeros=\count282
)))
(C:\Users\Mrunmoy Jena\AppData\Local\Programs\MiKTeX\tex/latex/base\size10.clo
File: size10.clo 2021/02/12 v1.4n Standard LaTeX file (size option)
)
(C:\Users\Mrunmoy Jena\AppData\Local\Programs\MiKTeX\tex/latex/pgf/basiclayer\p
gfcore.sty
(C:\Users\Mrunmoy Jena\AppData\Local\Programs\MiKTeX\tex/latex/graphics\graphic
x.sty
Package: graphicx 2020/12/05 v1.2c Enhanced LaTeX Graphics (DPC,SPQR)

(C:\Users\Mrunmoy Jena\AppData\Local\Programs\MiKTeX\tex/latex/graphics\graphic
s.sty
Package: graphics 2021/03/04 v1.4d Standard LaTeX Graphics (DPC,SPQR)

(C:\Users\Mrunmoy Jena\AppData\Local\Programs\MiKTeX\tex/latex/graphics\trig.st
y
Package: trig 2016/01/03 v1.10 sin cos tan (DPC)
)
(C:\Users\Mrunmoy Jena\AppData\Local\Programs\MiKTeX\tex/latex/graphics-cfg\gra
phics.cfg
File: graphics.cfg 2016/06/04 v1.11 sample graphics configuration
)
Package graphics Info: Driver file: pdftex.def on input line 107.

(C:\Users\Mrunmoy Jena\AppData\Local\Programs\MiKTeX\tex/latex/graphics-def\pdf
tex.def
File: pdftex.def 2020/10/05 v1.2a Graphics/color driver for pdftex
))
\Gin@req@height=\dimen173
\Gin@req@width=\dimen174
)
(C:\Users\Mrunmoy Jena\AppData\Local\Programs\MiKTeX\tex/latex/pgf/systemlayer\
pgfsys.sty
(C:\Users\Mrunmoy Jena\AppData\Local\Programs\MiKTeX\tex/generic/pgf/systemlaye
r\pgfsys.code.tex
Package: pgfsys 2021/05/15 v3.1.9a (3.1.9a)

(C:\Users\Mrunmoy Jena\AppData\Local\Programs\MiKTeX\tex/generic/pgf/utilities\
pgfkeys.code.tex)
\pgf@x=\dimen175
\pgf@y=\dimen176
\pgf@xa=\dimen177
\pgf@ya=\dimen178
\pgf@xb=\dimen179
\pgf@yb=\dimen180
\pgf@xc=\dimen181
\pgf@yc=\dimen182
\pgf@xd=\dimen183
\pgf@yd=\dimen184
\w@pgf@writea=\write3
\r@pgf@reada=\read2
\c@pgf@counta=\count283
\c@pgf@countb=\count284
\c@pgf@countc=\count285
\c@pgf@countd=\count286
\t@pgf@toka=\toks25
\t@pgf@tokb=\toks26
\t@pgf@tokc=\toks27
\pgf@sys@id@count=\count287

(C:\Users\Mrunmoy Jena\AppData\Local\Programs\MiKTeX\tex/generic/pgf/systemlaye
r\pgf.cfg
File: pgf.cfg 2021/05/15 v3.1.9a (3.1.9a)
)
Driver file for pgf: pgfsys-pdftex.def

(C:\Users\Mrunmoy Jena\AppData\Local\Programs\MiKTeX\tex/generic/pgf/systemlaye
r\pgfsys-pdftex.def
File: pgfsys-pdftex.def 2021/05/15 v3.1.9a (3.1.9a)

(C:\Users\Mrunmoy Jena\AppData\Local\Programs\MiKTeX\tex/generic/pgf/systemlaye
r\pgfsys-common-pdf.def
File: pgfsys-common-pdf.def 2021/05/15 v3.1.9a (3.1.9a)
)))
(C:\Users\Mrunmoy Jena\AppData\Local\Programs\MiKTeX\tex/generic/pgf/systemlaye
r\pgfsyssoftpath.code.tex
File: pgfsyssoftpath.code.tex 2021/05/15 v3.1.9a (3.1.9a)
\pgfsyssoftpath@smallbuffer@items=\count288
\pgfsyssoftpath@bigbuffer@items=\count289
)
(C:\Users\Mrunmoy Jena\AppData\Local\Programs\MiKTeX\tex/generic/pgf/systemlaye
r\pgfsysprotocol.code.tex
File: pgfsysprotocol.code.tex 2021/05/15 v3.1.9a (3.1.9a)
))
(C:\Users\Mrunmoy Jena\AppData\Local\Programs\MiKTeX\tex/latex/xcolor\xcolor.st
y
Package: xcolor 2016/05/11 v2.12 LaTeX color extensions (UK)

(C:\Users\Mrunmoy Jena\AppData\Local\Programs\MiKTeX\tex/latex/graphics-cfg\col
or.cfg
File: color.cfg 2016/01/02 v1.6 sample color configuration
)
Package xcolor Info: Driver file: pdftex.def on input line 225.
Package xcolor Info: Model `cmy' substituted by `cmy0' on input line 1348.
Package xcolor Info: Model `hsb' substituted by `rgb' on input line 1352.
Package xcolor Info: Model `RGB' extended on input line 1364.
Package xcolor Info: Model `HTML' substituted by `rgb' on input line 1366.
Package xcolor Info: Model `Hsb' substituted by `hsb' on input line 1367.
Package xcolor Info: Model `tHsb' substituted by `hsb' on input line 1368.
Package xcolor Info: Model `HSB' substituted by `hsb' on input line 1369.
Package xcolor Info: Model `Gray' substituted by `gray' on input line 1370.
Package xcolor Info: Model `wave' substituted by `hsb' on input line 1371.
)
(C:\Users\Mrunmoy Jena\AppData\Local\Programs\MiKTeX\tex/generic/pgf/basiclayer
\pgfcore.code.tex
Package: pgfcore 2021/05/15 v3.1.9a (3.1.9a)

(C:\Users\Mrunmoy Jena\AppData\Local\Programs\MiKTeX\tex/generic/pgf/math\pgfma
th.code.tex)
(C:\Users\Mrunmoy Jena\AppData\Local\Programs\MiKTeX\tex/generic/pgf/math\pgfin
t.code.tex)
(C:\Users\Mrunmoy Jena\AppData\Local\Programs\MiKTeX\tex/generic/pgf/basiclayer
\pgfcorepoints.code.tex
File: pgfcorepoints.code.tex 2021/05/15 v3.1.9a (3.1.9a)
\pgf@picminx=\dimen185
\pgf@picmaxx=\dimen186
\pgf@picminy=\dimen187
\pgf@picmaxy=\dimen188
\pgf@pathminx=\dimen189
\pgf@pathmaxx=\dimen190
\pgf@pathminy=\dimen191
\pgf@pathmaxy=\dimen192
\pgf@xx=\dimen193
\pgf@xy=\dimen194
\pgf@yx=\dimen195
\pgf@yy=\dimen196
\pgf@zx=\dimen197
\pgf@zy=\dimen198
)
(C:\Users\Mrunmoy Jena\AppData\Local\Programs\MiKTeX\tex/generic/pgf/basiclayer
\pgfcorepathconstruct.code.tex
File: pgfcorepathconstruct.code.tex 2021/05/15 v3.1.9a (3.1.9a)
\pgf@path@lastx=\dimen199
\pgf@path@lasty=\dimen256
)
(C:\Users\Mrunmoy Jena\AppData\Local\Programs\MiKTeX\tex/generic/pgf/basiclayer
\pgfcorepathusage.code.tex
File: pgfcorepathusage.code.tex 2021/05/15 v3.1.9a (3.1.9a)
\pgf@shorten@end@additional=\dimen257
\pgf@shorten@start@additional=\dimen258
)
(C:\Users\Mrunmoy Jena\AppData\Local\Programs\MiKTeX\tex/generic/pgf/basiclayer
\pgfcorescopes.code.tex
File: pgfcorescopes.code.tex 2021/05/15 v3.1.9a (3.1.9a)
\pgfpic=\box61
\pgf@hbox=\box62
\pgf@layerbox@main=\box63
\pgf@picture@serial@count=\count290
)
(C:\Users\Mrunmoy Jena\AppData\Local\Programs\MiKTeX\tex/generic/pgf/basiclayer
\pgfcoregraphicstate.code.tex
File: pgfcoregraphicstate.code.tex 2021/05/15 v3.1.9a (3.1.9a)
\pgflinewidth=\dimen259
)
(C:\Users\Mrunmoy Jena\AppData\Local\Programs\MiKTeX\tex/generic/pgf/basiclayer
\pgfcoretransformations.code.tex
File: pgfcoretransformations.code.tex 2021/05/15 v3.1.9a (3.1.9a)
\pgf@pt@x=\dimen260
\pgf@pt@y=\dimen261
\pgf@pt@temp=\dimen262
)
(C:\Users\Mrunmoy Jena\AppData\Local\Programs\MiKTeX\tex/generic/pgf/basiclayer
\pgfcorequick.code.tex
File: pgfcorequick.code.tex 2021/05/15 v3.1.9a (3.1.9a)
)
(C:\Users\Mrunmoy Jena\AppData\Local\Programs\MiKTeX\tex/generic/pgf/basiclayer
\pgfcoreobjects.code.tex
File: pgfcoreobjects.code.tex 2021/05/15 v3.1.9a (3.1.9a)
)
(C:\Users\Mrunmoy Jena\AppData\Local\Programs\MiKTeX\tex/generic/pgf/basiclayer
\pgfcorepathprocessing.code.tex
File: pgfcorepathprocessing.code.tex 2021/05/15 v3.1.9a (3.1.9a)
)
(C:\Users\Mrunmoy Jena\AppData\Local\Programs\MiKTeX\tex/generic/pgf/basiclayer
\pgfcorearrows.code.tex
File: pgfcorearrows.code.tex 2021/05/15 v3.1.9a (3.1.9a)
\pgfarrowsep=\dimen263
)
(C:\Users\Mrunmoy Jena\AppData\Local\Programs\MiKTeX\tex/generic/pgf/basiclayer
\pgfcoreshade.code.tex
File: pgfcoreshade.code.tex 2021/05/15 v3.1.9a (3.1.9a)
\pgf@max=\dimen264
\pgf@sys@shading@range@num=\count291
\pgf@shadingcount=\count292
)
(C:\Users\Mrunmoy Jena\AppData\Local\Programs\MiKTeX\tex/generic/pgf/basiclayer
\pgfcoreimage.code.tex
File: pgfcoreimage.code.tex 2021/05/15 v3.1.9a (3.1.9a)

(C:\Users\Mrunmoy Jena\AppData\Local\Programs\MiKTeX\tex/generic/pgf/basiclayer
\pgfcoreexternal.code.tex
File: pgfcoreexternal.code.tex 2021/05/15 v3.1.9a (3.1.9a)
\pgfexternal@startupbox=\box64
))
(C:\Users\Mrunmoy Jena\AppData\Local\Programs\MiKTeX\tex/generic/pgf/basiclayer
\pgfcorelayers.code.tex
File: pgfcorelayers.code.tex 2021/05/15 v3.1.9a (3.1.9a)
)
(C:\Users\Mrunmoy Jena\AppData\Local\Programs\MiKTeX\tex/generic/pgf/basiclayer
\pgfcoretransparency.code.tex
File: pgfcoretransparency.code.tex 2021/05/15 v3.1.9a (3.1.9a)
)
(C:\Users\Mrunmoy Jena\AppData\Local\Programs\MiKTeX\tex/generic/pgf/basiclayer
\pgfcorepatterns.code.tex
File: pgfcorepatterns.code.tex 2021/05/15 v3.1.9a (3.1.9a)
)
(C:\Users\Mrunmoy Jena\AppData\Local\Programs\MiKTeX\tex/generic/pgf/basiclayer
\pgfcorerdf.code.tex
File: pgfcorerdf.code.tex 2021/05/15 v3.1.9a (3.1.9a)
)))
(C:\Users\Mrunmoy Jena\AppData\Local\Programs\MiKTeX\tex/latex/pgf/utilities\xx
color.sty
Package: xxcolor 2003/10/24 ver 0.1
\XC@nummixins=\count293
\XC@countmixins=\count294
)
(C:\Users\Mrunmoy Jena\AppData\Local\Programs\MiKTeX\tex/latex/base\atbegshi-lt
x.sty
Package: atbegshi-ltx 2021/01/10 v1.0c Emulation of the original atbegshi
package with kernel methods
)
(C:\Users\Mrunmoy Jena\AppData\Local\Programs\MiKTeX\tex/latex/hyperref\hyperre
f.sty
Package: hyperref 2021-06-05 v7.00l Hypertext links for LaTeX

(C:\Users\Mrunmoy Jena\AppData\Local\Programs\MiKTeX\tex/generic/ltxcmds\ltxcmd
s.sty
Package: ltxcmds 2020-05-10 v1.25 LaTeX kernel commands for general use (HO)
)
(C:\Users\Mrunmoy Jena\AppData\Local\Programs\MiKTeX\tex/generic/pdftexcmds\pdf
texcmds.sty
Package: pdftexcmds 2020-06-27 v0.33 Utility functions of pdfTeX for LuaTeX (HO
)

(C:\Users\Mrunmoy Jena\AppData\Local\Programs\MiKTeX\tex/generic/infwarerr\infw
arerr.sty
Package: infwarerr 2019/12/03 v1.5 Providing info/warning/error messages (HO)
)
Package pdftexcmds Info: \pdf@primitive is available.
Package pdftexcmds Info: \pdf@ifprimitive is available.
Package pdftexcmds Info: \pdfdraftmode found.
)
(C:\Users\Mrunmoy Jena\AppData\Local\Programs\MiKTeX\tex/generic/kvsetkeys\kvse
tkeys.sty
Package: kvsetkeys 2019/12/15 v1.18 Key value parser (HO)
)
(C:\Users\Mrunmoy Jena\AppData\Local\Programs\MiKTeX\tex/generic/kvdefinekeys\k
vdefinekeys.sty
Package: kvdefinekeys 2019-12-19 v1.6 Define keys (HO)
)
(C:\Users\Mrunmoy Jena\AppData\Local\Programs\MiKTeX\tex/generic/pdfescape\pdfe
scape.sty
Package: pdfescape 2019/12/09 v1.15 Implements pdfTeX's escape features (HO)
)
(C:\Users\Mrunmoy Jena\AppData\Local\Programs\MiKTeX\tex/latex/hycolor\hycolor.
sty
Package: hycolor 2020-01-27 v1.10 Color options for hyperref/bookmark (HO)
)
(C:\Users\Mrunmoy Jena\AppData\Local\Programs\MiKTeX\tex/latex/letltxmacro\letl
txmacro.sty
Package: letltxmacro 2019/12/03 v1.6 Let assignment for LaTeX macros (HO)
)
(C:\Users\Mrunmoy Jena\AppData\Local\Programs\MiKTeX\tex/latex/auxhook\auxhook.
sty
Package: auxhook 2019-12-17 v1.6 Hooks for auxiliary files (HO)
)
(C:\Users\Mrunmoy Jena\AppData\Local\Programs\MiKTeX\tex/latex/kvoptions\kvopti
ons.sty
Package: kvoptions 2020-10-07 v3.14 Key value format for package options (HO)
)
\@linkdim=\dimen265
\Hy@linkcounter=\count295
\Hy@pagecounter=\count296

(C:\Users\Mrunmoy Jena\AppData\Local\Programs\MiKTeX\tex/latex/hyperref\pd1enc.
def
File: pd1enc.def 2021-06-05 v7.00l Hyperref: PDFDocEncoding definition (HO)
Now handling font encoding PD1 ...
... no UTF-8 mapping file for font encoding PD1
)
(C:\Users\Mrunmoy Jena\AppData\Local\Programs\MiKTeX\tex/latex/hyperref\hyperre
f-langpatches.def
File: hyperref-langpatches.def 2021-06-05 v7.00l Hyperref: patches for babel la
nguages
)
(C:\Users\Mrunmoy Jena\AppData\Local\Programs\MiKTeX\tex/generic/intcalc\intcal
c.sty
Package: intcalc 2019/12/15 v1.3 Expandable calculations with integers (HO)
)
(C:\Users\Mrunmoy Jena\AppData\Local\Programs\MiKTeX\tex/generic/etexcmds\etexc
mds.sty
Package: etexcmds 2019/12/15 v1.7 Avoid name clashes with e-TeX commands (HO)
)
\Hy@SavedSpaceFactor=\count297

(C:\Users\Mrunmoy Jena\AppData\Local\Programs\MiKTeX\tex/latex/hyperref\puenc.d
ef
File: puenc.def 2021-06-05 v7.00l Hyperref: PDF Unicode definition (HO)
Now handling font encoding PU ...
... no UTF-8 mapping file for font encoding PU
)
Package hyperref Info: Option `bookmarks' set `true' on input line 4073.
Package hyperref Info: Option `bookmarksopen' set `true' on input line 4073.
Package hyperref Info: Option `implicit' set `false' on input line 4073.
Package hyperref Info: Hyper figures OFF on input line 4192.
Package hyperref Info: Link nesting OFF on input line 4197.
Package hyperref Info: Hyper index ON on input line 4200.
Package hyperref Info: Plain pages OFF on input line 4207.
Package hyperref Info: Backreferencing OFF on input line 4212.
Package hyperref Info: Implicit mode OFF; no redefinition of LaTeX internals.
Package hyperref Info: Bookmarks ON on input line 4445.
\c@Hy@tempcnt=\count298
 (C:\Users\Mrunmoy Jena\AppData\Local\Programs\MiKTeX\tex/latex/url\url.sty
\Urlmuskip=\muskip16
Package: url 2013/09/16  ver 3.4  Verb mode for urls, etc.
)
LaTeX Info: Redefining \url on input line 4804.
\XeTeXLinkMargin=\dimen266

(C:\Users\Mrunmoy Jena\AppData\Local\Programs\MiKTeX\tex/generic/bitset\bitset.
sty
Package: bitset 2019/12/09 v1.3 Handle bit-vector datatype (HO)

(C:\Users\Mrunmoy Jena\AppData\Local\Programs\MiKTeX\tex/generic/bigintcalc\big
intcalc.sty
Package: bigintcalc 2019/12/15 v1.5 Expandable calculations on big integers (HO
)
))
\Fld@menulength=\count299
\Field@Width=\dimen267
\Fld@charsize=\dimen268
Package hyperref Info: Hyper figures OFF on input line 6076.
Package hyperref Info: Link nesting OFF on input line 6081.
Package hyperref Info: Hyper index ON on input line 6084.
Package hyperref Info: backreferencing OFF on input line 6091.
Package hyperref Info: Link coloring OFF on input line 6096.
Package hyperref Info: Link coloring with OCG OFF on input line 6101.
Package hyperref Info: PDF/A mode OFF on input line 6106.
LaTeX Info: Redefining \ref on input line 6146.
LaTeX Info: Redefining \pageref on input line 6150.
\Hy@abspage=\count300


Package hyperref Message: Stopped early.

)
Package hyperref Info: Driver (autodetected): hpdftex.

(C:\Users\Mrunmoy Jena\AppData\Local\Programs\MiKTeX\tex/latex/hyperref\hpdftex
.def
File: hpdftex.def 2021-06-05 v7.00l Hyperref driver for pdfTeX

(C:\Users\Mrunmoy Jena\AppData\Local\Programs\MiKTeX\tex/latex/base\atveryend-l
tx.sty
Package: atveryend-ltx 2020/08/19 v1.0a Emulation of the original atvery packag
e
with kernel methods
)
\Fld@listcount=\count301
\c@bookmark@seq@number=\count302

(C:\Users\Mrunmoy Jena\AppData\Local\Programs\MiKTeX\tex/latex/rerunfilecheck\r
erunfilecheck.sty
Package: rerunfilecheck 2019/12/05 v1.9 Rerun checks for auxiliary files (HO)

(C:\Users\Mrunmoy Jena\AppData\Local\Programs\MiKTeX\tex/generic/uniquecounter\
uniquecounter.sty
Package: uniquecounter 2019/12/15 v1.4 Provide unlimited unique counter (HO)
)
Package uniquecounter Info: New unique counter `rerunfilecheck' on input line 2
86.
))
(C:\Users\Mrunmoy Jena\AppData\Local\Programs\MiKTeX\tex/latex/beamer\beamerbas
erequires.sty
(C:\Users\Mrunmoy Jena\AppData\Local\Programs\MiKTeX\tex/latex/beamer\beamerbas
ecompatibility.sty)
(C:\Users\Mrunmoy Jena\AppData\Local\Programs\MiKTeX\tex/latex/beamer\beamerbas
efont.sty
(C:\Users\Mrunmoy Jena\AppData\Local\Programs\MiKTeX\tex/latex/amsfonts\amssymb
.sty
Package: amssymb 2013/01/14 v3.01 AMS font symbols

(C:\Users\Mrunmoy Jena\AppData\Local\Programs\MiKTeX\tex/latex/amsfonts\amsfont
s.sty
Package: amsfonts 2013/01/14 v3.01 Basic AMSFonts support
\@emptytoks=\toks28
\symAMSa=\mathgroup4
\symAMSb=\mathgroup5
LaTeX Font Info:    Redeclaring math symbol \hbar on input line 98.
LaTeX Font Info:    Overwriting math alphabet `\mathfrak' in version `bold'
(Font)                  U/euf/m/n --> U/euf/b/n on input line 106.
))
(C:\Users\Mrunmoy Jena\AppData\Local\Programs\MiKTeX\tex/latex/sansmathaccent\s
ansmathaccent.sty
Package: sansmathaccent 2020/01/31

(C:\Users\Mrunmoy Jena\AppData\Local\Programs\MiKTeX\tex/latex/koma-script\scrl
file.sty
Package: scrlfile 2021/11/13 v3.35 KOMA-Script package (file load hooks)

(C:\Users\Mrunmoy Jena\AppData\Local\Programs\MiKTeX\tex/latex/koma-script\scrl
file-hook-3.34.sty
Package: scrlfile-hook-3.34 2021/11/13 v3.35 KOMA-Script package (using LaTeX h
ooks)

(C:\Users\Mrunmoy Jena\AppData\Local\Programs\MiKTeX\tex/latex/koma-script\scrl
ogo.sty
Package: scrlogo 2021/11/13 v3.35 KOMA-Script package (logo)
)))))
(C:\Users\Mrunmoy Jena\AppData\Local\Programs\MiKTeX\tex/latex/beamer\beamerbas
etranslator.sty
(C:\Users\Mrunmoy Jena\AppData\Local\Programs\MiKTeX\tex/latex/translator\trans
lator.sty
Package: translator 2021-05-31 v1.12d Easy translation of strings in LaTeX
))
(C:\Users\Mrunmoy Jena\AppData\Local\Programs\MiKTeX\tex/latex/beamer\beamerbas
emisc.sty)
(C:\Users\Mrunmoy Jena\AppData\Local\Programs\MiKTeX\tex/latex/beamer\beamerbas
etwoscreens.sty)
(C:\Users\Mrunmoy Jena\AppData\Local\Programs\MiKTeX\tex/latex/beamer\beamerbas
eoverlay.sty
\beamer@argscount=\count303
\beamer@lastskipcover=\skip50
\beamer@trivlistdepth=\count304
)
(C:\Users\Mrunmoy Jena\AppData\Local\Programs\MiKTeX\tex/latex/beamer\beamerbas
etitle.sty)
(C:\Users\Mrunmoy Jena\AppData\Local\Programs\MiKTeX\tex/latex/beamer\beamerbas
esection.sty
\c@lecture=\count305
\c@part=\count306
\c@section=\count307
\c@subsection=\count308
\c@subsubsection=\count309
)
(C:\Users\Mrunmoy Jena\AppData\Local\Programs\MiKTeX\tex/latex/beamer\beamerbas
eframe.sty
\beamer@framebox=\box65
\beamer@frametitlebox=\box66
\beamer@zoombox=\box67
\beamer@zoomcount=\count310
\beamer@zoomframecount=\count311
\beamer@frametextheight=\dimen269
\c@subsectionslide=\count312
\beamer@frametopskip=\skip51
\beamer@framebottomskip=\skip52
\beamer@frametopskipautobreak=\skip53
\beamer@framebottomskipautobreak=\skip54
\beamer@envbody=\toks29
\framewidth=\dimen270
\c@framenumber=\count313
)
(C:\Users\Mrunmoy Jena\AppData\Local\Programs\MiKTeX\tex/latex/beamer\beamerbas
everbatim.sty
\beamer@verbatimfileout=\write4
)
(C:\Users\Mrunmoy Jena\AppData\Local\Programs\MiKTeX\tex/latex/beamer\beamerbas
eframesize.sty
\beamer@splitbox=\box68
\beamer@autobreakcount=\count314
\beamer@autobreaklastheight=\dimen271
\beamer@frametitletoks=\toks30
\beamer@framesubtitletoks=\toks31
)
(C:\Users\Mrunmoy Jena\AppData\Local\Programs\MiKTeX\tex/latex/beamer\beamerbas
eframecomponents.sty
\beamer@footins=\box69
)
(C:\Users\Mrunmoy Jena\AppData\Local\Programs\MiKTeX\tex/latex/beamer\beamerbas
ecolor.sty)
(C:\Users\Mrunmoy Jena\AppData\Local\Programs\MiKTeX\tex/latex/beamer\beamerbas
enotes.sty
\beamer@frameboxcopy=\box70
)
(C:\Users\Mrunmoy Jena\AppData\Local\Programs\MiKTeX\tex/latex/beamer\beamerbas
etoc.sty)
(C:\Users\Mrunmoy Jena\AppData\Local\Programs\MiKTeX\tex/latex/beamer\beamerbas
etemplates.sty
\beamer@sbttoks=\toks32

(C:\Users\Mrunmoy Jena\AppData\Local\Programs\MiKTeX\tex/latex/beamer\beamerbas
eauxtemplates.sty
(C:\Users\Mrunmoy Jena\AppData\Local\Programs\MiKTeX\tex/latex/beamer\beamerbas
eboxes.sty
\bmb@box=\box71
\bmb@colorbox=\box72
\bmb@boxwidth=\dimen272
\bmb@boxheight=\dimen273
\bmb@prevheight=\dimen274
\bmb@temp=\dimen275
\bmb@dima=\dimen276
\bmb@dimb=\dimen277
\bmb@prevheight=\dimen278
)
\beamer@blockheadheight=\dimen279
))
(C:\Users\Mrunmoy Jena\AppData\Local\Programs\MiKTeX\tex/latex/beamer\beamerbas
elocalstructure.sty
(C:\Users\Mrunmoy Jena\AppData\Local\Programs\MiKTeX\tex/latex/tools\enumerate.
sty
Package: enumerate 2015/07/23 v3.00 enumerate extensions (DPC)
\@enLab=\toks33
)
\beamer@bibiconwidth=\skip55
\c@figure=\count315
\c@table=\count316
\abovecaptionskip=\skip56
\belowcaptionskip=\skip57
)
(C:\Users\Mrunmoy Jena\AppData\Local\Programs\MiKTeX\tex/latex/beamer\beamerbas
enavigation.sty
\beamer@section@min@dim=\dimen280
)
(C:\Users\Mrunmoy Jena\AppData\Local\Programs\MiKTeX\tex/latex/beamer\beamerbas
etheorems.sty
(C:\Users\Mrunmoy Jena\AppData\Local\Programs\MiKTeX\tex/latex/amsmath\amsmath.
sty
Package: amsmath 2021/04/20 v2.17j AMS math features
\@mathmargin=\skip58

For additional information on amsmath, use the `?' option.

(C:\Users\Mrunmoy Jena\AppData\Local\Programs\MiKTeX\tex/latex/amsmath\amstext.
sty
Package: amstext 2000/06/29 v2.01 AMS text

(C:\Users\Mrunmoy Jena\AppData\Local\Programs\MiKTeX\tex/latex/amsmath\amsgen.s
ty
File: amsgen.sty 1999/11/30 v2.0 generic functions
\@emptytoks=\toks34
\ex@=\dimen281
))
(C:\Users\Mrunmoy Jena\AppData\Local\Programs\MiKTeX\tex/latex/amsmath\amsbsy.s
ty
Package: amsbsy 1999/11/29 v1.2d Bold Symbols
\pmbraise@=\dimen282
)
(C:\Users\Mrunmoy Jena\AppData\Local\Programs\MiKTeX\tex/latex/amsmath\amsopn.s
ty
Package: amsopn 2016/03/08 v2.02 operator names
)
\inf@bad=\count317
LaTeX Info: Redefining \frac on input line 234.
\uproot@=\count318
\leftroot@=\count319
LaTeX Info: Redefining \overline on input line 399.
\classnum@=\count320
\DOTSCASE@=\count321
LaTeX Info: Redefining \ldots on input line 496.
LaTeX Info: Redefining \dots on input line 499.
LaTeX Info: Redefining \cdots on input line 620.
\Mathstrutbox@=\box73
\strutbox@=\box74
\big@size=\dimen283
LaTeX Font Info:    Redeclaring font encoding OML on input line 743.
LaTeX Font Info:    Redeclaring font encoding OMS on input line 744.
\macc@depth=\count322
\c@MaxMatrixCols=\count323
\dotsspace@=\muskip17
\c@parentequation=\count324
\dspbrk@lvl=\count325
\tag@help=\toks35
\row@=\count326
\column@=\count327
\maxfields@=\count328
\andhelp@=\toks36
\eqnshift@=\dimen284
\alignsep@=\dimen285
\tagshift@=\dimen286
\tagwidth@=\dimen287
\totwidth@=\dimen288
\lineht@=\dimen289
\@envbody=\toks37
\multlinegap=\skip59
\multlinetaggap=\skip60
\mathdisplay@stack=\toks38
LaTeX Info: Redefining \[ on input line 2923.
LaTeX Info: Redefining \] on input line 2924.
)
(C:\Users\Mrunmoy Jena\AppData\Local\Programs\MiKTeX\tex/latex/amscls\amsthm.st
y
Package: amsthm 2020/05/29 v2.20.6
\thm@style=\toks39
\thm@bodyfont=\toks40
\thm@headfont=\toks41
\thm@notefont=\toks42
\thm@headpunct=\toks43
\thm@preskip=\skip61
\thm@postskip=\skip62
\thm@headsep=\skip63
\dth@everypar=\toks44
)
\c@theorem=\count329
)
(C:\Users\Mrunmoy Jena\AppData\Local\Programs\MiKTeX\tex/latex/beamer\beamerbas
ethemes.sty))
(C:\Users\Mrunmoy Jena\AppData\Local\Programs\MiKTeX\tex/latex/beamer\beamerthe
medefault.sty
(C:\Users\Mrunmoy Jena\AppData\Local\Programs\MiKTeX\tex/latex/beamer\beamerfon
tthemedefault.sty)
(C:\Users\Mrunmoy Jena\AppData\Local\Programs\MiKTeX\tex/latex/beamer\beamercol
orthemedefault.sty)
(C:\Users\Mrunmoy Jena\AppData\Local\Programs\MiKTeX\tex/latex/beamer\beamerinn
erthemedefault.sty
\beamer@dima=\dimen290
\beamer@dimb=\dimen291
)
(C:\Users\Mrunmoy Jena\AppData\Local\Programs\MiKTeX\tex/latex/beamer\beamerout
erthemedefault.sty)))
(C:\Users\Mrunmoy Jena\AppData\Local\Programs\MiKTeX\tex/latex/physics\physics.
sty
Package: physics 

(C:\Users\Mrunmoy Jena\AppData\Local\Programs\MiKTeX\tex/latex/l3packages/xpars
e\xparse.sty
(C:\Users\Mrunmoy Jena\AppData\Local\Programs\MiKTeX\tex/latex/l3kernel\expl3.s
ty
Package: expl3 2021-06-01 L3 programming layer (loader) 

(C:\Users\Mrunmoy Jena\AppData\Local\Programs\MiKTeX\tex/latex/l3backend\l3back
end-pdftex.def
File: l3backend-pdftex.def 2021-05-07 L3 backend support: PDF output (pdfTeX)
\l__color_backend_stack_int=\count330
\l__pdf_internal_box=\box75
))
Package: xparse 2021-06-01 L3 Experimental document command parser
))
(C:\Users\Mrunmoy Jena\AppData\Local\Programs\MiKTeX\tex/latex/base\inputenc.st
y
Package: inputenc 2021/02/14 v1.3d Input encoding file
\inpenc@prehook=\toks45
\inpenc@posthook=\toks46
)
(C:\Users\Mrunmoy Jena\AppData\Local\Programs\MiKTeX\tex/latex/beamer\beamerthe
meWarsaw.sty
(C:\Users\Mrunmoy Jena\AppData\Local\Programs\MiKTeX\tex/latex/beamer\beamerinn
erthemerounded.sty)
(C:\Users\Mrunmoy Jena\AppData\Local\Programs\MiKTeX\tex/latex/beamer\beamerout
erthemeshadow.sty
(C:\Users\Mrunmoy Jena\AppData\Local\Programs\MiKTeX\tex/latex/beamer\beamerout
erthemesplit.sty))
(C:\Users\Mrunmoy Jena\AppData\Local\Programs\MiKTeX\tex/latex/beamer\beamercol
orthemeorchid.sty)
(C:\Users\Mrunmoy Jena\AppData\Local\Programs\MiKTeX\tex/latex/beamer\beamercol
orthemewhale.sty))
(C:\Users\Mrunmoy Jena\AppData\Local\Programs\MiKTeX\tex/latex/biblatex\biblate
x.sty
Package: biblatex 2020/12/31 v3.16 programmable bibliographies (PK/MW)

(C:\Users\Mrunmoy Jena\AppData\Local\Programs\MiKTeX\tex/latex/logreq\logreq.st
y
Package: logreq 2010/08/04 v1.0 xml request logger
\lrq@indent=\count331

(C:\Users\Mrunmoy Jena\AppData\Local\Programs\MiKTeX\tex/latex/logreq\logreq.de
f
File: logreq.def 2010/08/04 v1.0 logreq spec v1.0
))
(C:\Users\Mrunmoy Jena\AppData\Local\Programs\MiKTeX\tex/latex/base\ifthen.sty
Package: ifthen 2020/11/24 v1.1c Standard LaTeX ifthen package (DPC)
)
\c@tabx@nest=\count332
\c@listtotal=\count333
\c@listcount=\count334
\c@liststart=\count335
\c@liststop=\count336
\c@citecount=\count337
\c@citetotal=\count338
\c@multicitecount=\count339
\c@multicitetotal=\count340
\c@instcount=\count341
\c@maxnames=\count342
\c@minnames=\count343
\c@maxitems=\count344
\c@minitems=\count345
\c@citecounter=\count346
\c@maxcitecounter=\count347
\c@savedcitecounter=\count348
\c@uniquelist=\count349
\c@uniquename=\count350
\c@refsection=\count351
\c@refsegment=\count352
\c@maxextratitle=\count353
\c@maxextratitleyear=\count354
\c@maxextraname=\count355
\c@maxextradate=\count356
\c@maxextraalpha=\count357
\c@abbrvpenalty=\count358
\c@highnamepenalty=\count359
\c@lownamepenalty=\count360
\c@maxparens=\count361
\c@parenlevel=\count362
\blx@tempcnta=\count363
\blx@tempcntb=\count364
\blx@tempcntc=\count365
\blx@maxsection=\count366
\blx@maxsegment@0=\count367
\blx@notetype=\count368
\blx@parenlevel@text=\count369
\blx@parenlevel@foot=\count370
\blx@sectionciteorder@0=\count371
\blx@entrysetcounter=\count372
\blx@biblioinstance=\count373
\labelnumberwidth=\skip64
\labelalphawidth=\skip65
\biblabelsep=\skip66
\bibitemsep=\skip67
\bibnamesep=\skip68
\bibinitsep=\skip69
\bibparsep=\skip70
\bibhang=\skip71
\blx@bcfin=\read3
\blx@bcfout=\write5
\blx@langwohyphens=\language79
\c@mincomprange=\count374
\c@maxcomprange=\count375
\c@mincompwidth=\count376
Package biblatex Info: Trying to load biblatex default data model...
Package biblatex Info: ... file 'blx-dm.def' found.

(C:\Users\Mrunmoy Jena\AppData\Local\Programs\MiKTeX\tex/latex/biblatex\blx-dm.
def
File: blx-dm.def 2020/12/31 v3.16 biblatex localization (PK/MW)
)
Package biblatex Info: Trying to load biblatex style data model...
Package biblatex Info: ... file 'verbose.dbx' not found.
Package biblatex Info: Trying to load biblatex custom data model...
Package biblatex Info: ... file 'biblatex-dm.cfg' not found.
\c@afterword=\count377
\c@savedafterword=\count378
\c@annotator=\count379
\c@savedannotator=\count380
\c@author=\count381
\c@savedauthor=\count382
\c@bookauthor=\count383
\c@savedbookauthor=\count384
\c@commentator=\count385
\c@savedcommentator=\count386
\c@editor=\count387
\c@savededitor=\count388
\c@editora=\count389
\c@savededitora=\count390
\c@editorb=\count391
\c@savededitorb=\count392
\c@editorc=\count393
\c@savededitorc=\count394
\c@foreword=\count395
\c@savedforeword=\count396
\c@holder=\count397
\c@savedholder=\count398
\c@introduction=\count399
\c@savedintroduction=\count400
\c@namea=\count401
\c@savednamea=\count402
\c@nameb=\count403
\c@savednameb=\count404
\c@namec=\count405
\c@savednamec=\count406
\c@translator=\count407
\c@savedtranslator=\count408
\c@shortauthor=\count409
\c@savedshortauthor=\count410
\c@shorteditor=\count411
\c@savedshorteditor=\count412
\c@labelname=\count413
\c@savedlabelname=\count414
\c@institution=\count415
\c@savedinstitution=\count416
\c@lista=\count417
\c@savedlista=\count418
\c@listb=\count419
\c@savedlistb=\count420
\c@listc=\count421
\c@savedlistc=\count422
\c@listd=\count423
\c@savedlistd=\count424
\c@liste=\count425
\c@savedliste=\count426
\c@listf=\count427
\c@savedlistf=\count428
\c@location=\count429
\c@savedlocation=\count430
\c@organization=\count431
\c@savedorganization=\count432
\c@origlocation=\count433
\c@savedoriglocation=\count434
\c@origpublisher=\count435
\c@savedorigpublisher=\count436
\c@publisher=\count437
\c@savedpublisher=\count438
\c@language=\count439
\c@savedlanguage=\count440
\c@origlanguage=\count441
\c@savedoriglanguage=\count442
\c@pageref=\count443
\c@savedpageref=\count444
\shorthandwidth=\skip72
\shortjournalwidth=\skip73
\shortserieswidth=\skip74
\shorttitlewidth=\skip75
\shortauthorwidth=\skip76
\shorteditorwidth=\skip77
\locallabelnumberwidth=\skip78
\locallabelalphawidth=\skip79
\localshorthandwidth=\skip80
\localshortjournalwidth=\skip81
\localshortserieswidth=\skip82
\localshorttitlewidth=\skip83
\localshortauthorwidth=\skip84
\localshorteditorwidth=\skip85
Package biblatex Info: Trying to load compatibility code...
Package biblatex Info: ... file 'blx-compat.def' found.

(C:\Users\Mrunmoy Jena\AppData\Local\Programs\MiKTeX\tex/latex/biblatex\blx-com
pat.def
File: blx-compat.def 2020/12/31 v3.16 biblatex compatibility (PK/MW)
)
Package biblatex Info: Trying to load generic definitions...
Package biblatex Info: ... file 'biblatex.def' found.

(C:\Users\Mrunmoy Jena\AppData\Local\Programs\MiKTeX\tex/latex/biblatex\biblate
x.def
File: biblatex.def 2020/12/31 v3.16 biblatex compatibility (PK/MW)
\c@textcitecount=\count445
\c@textcitetotal=\count446
\c@textcitemaxnames=\count447
\c@biburlbigbreakpenalty=\count448
\c@biburlbreakpenalty=\count449
\c@biburlnumpenalty=\count450
\c@biburlucpenalty=\count451
\c@biburllcpenalty=\count452
\biburlbigskip=\muskip18
\biburlnumskip=\muskip19
\biburlucskip=\muskip20
\biburllcskip=\muskip21
\c@smartand=\count453
)
Package biblatex Info: Trying to load bibliography style 'verbose'...
Package biblatex Info: ... file 'verbose.bbx' found.

(C:\Users\Mrunmoy Jena\AppData\Local\Programs\MiKTeX\tex/latex/biblatex/bbx\ver
bose.bbx
File: verbose.bbx 2020/12/31 v3.16 biblatex bibliography style (PK/MW)
Package biblatex Info: Trying to load bibliography style 'authortitle'...
Package biblatex Info: ... file 'authortitle.bbx' found.

(C:\Users\Mrunmoy Jena\AppData\Local\Programs\MiKTeX\tex/latex/biblatex/bbx\aut
hortitle.bbx
File: authortitle.bbx 2020/12/31 v3.16 biblatex bibliography style (PK/MW)
Package biblatex Info: Trying to load bibliography style 'standard'...
Package biblatex Info: ... file 'standard.bbx' found.

(C:\Users\Mrunmoy Jena\AppData\Local\Programs\MiKTeX\tex/latex/biblatex/bbx\sta
ndard.bbx
File: standard.bbx 2020/12/31 v3.16 biblatex bibliography style (PK/MW)
\c@bbx:relatedcount=\count454
\c@bbx:relatedtotal=\count455
)))
Package biblatex Info: Trying to load citation style 'verbose'...
Package biblatex Info: ... file 'verbose.cbx' found.

(C:\Users\Mrunmoy Jena\AppData\Local\Programs\MiKTeX\tex/latex/biblatex/cbx\ver
bose.cbx
File: verbose.cbx 2020/12/31 v3.16 biblatex citation style (PK/MW)
Package biblatex Info: Redefining '\cite'.
Package biblatex Info: Redefining '\parencite'.
Package biblatex Info: Redefining '\footcite'.
Package biblatex Info: Redefining '\footcitetext'.
Package biblatex Info: Redefining '\smartcite'.
Package biblatex Info: Redefining '\textcite'.
Package biblatex Info: Redefining '\textcites'.
)
Package biblatex Info: Trying to load configuration file...
Package biblatex Info: ... file 'biblatex.cfg' found.

(C:\Users\Mrunmoy Jena\AppData\Local\Programs\MiKTeX\tex/latex/biblatex\biblate
x.cfg
File: biblatex.cfg 
))
(C:\Users\Mrunmoy Jena\AppData\Local\Programs\MiKTeX\tex/latex/caption\caption.
sty
Package: caption 2020/10/26 v3.5g Customizing captions (AR)

(C:\Users\Mrunmoy Jena\AppData\Local\Programs\MiKTeX\tex/latex/caption\caption3
.sty
Package: caption3 2020/10/21 v2.2e caption3 kernel (AR)
\captionmargin=\dimen292
\captionmargin@=\dimen293
\captionwidth=\dimen294
\caption@tempdima=\dimen295
\caption@indent=\dimen296
\caption@parindent=\dimen297
\caption@hangindent=\dimen298
Package caption Info: beamer document class detected.

(C:\Users\Mrunmoy Jena\AppData\Local\Programs\MiKTeX\tex/latex/caption\caption-
beamer.sto
File: caption-beamer.sto 2020/08/22 v2.0 Adaption of the caption package to the
 beamer document classes (AR)
))
\c@caption@flags=\count456
\c@continuedfloat=\count457
Package caption Info: hyperref package is loaded.
Package caption Info: Hyperref support is turned off
(caption)             because hyperref has stopped early.
)
(C:\Users\Mrunmoy Jena\AppData\Local\Programs\MiKTeX\tex/latex/beamer\beamerout
erthemeinfolines.sty)

Package hyperref Warning: Token not allowed in a PDF string (Unicode):
(hyperref)                removing `\\' on input line 26.


Package hyperref Warning: Token not allowed in a PDF string (Unicode):
(hyperref)                removing `math shift' on input line 31.


Package hyperref Warning: Token not allowed in a PDF string (Unicode):
(hyperref)                removing `superscript' on input line 31.


Package hyperref Warning: Token not allowed in a PDF string (Unicode):
(hyperref)                removing `math shift' on input line 31.

\@quotelevel=\count458
\@quotereset=\count459
(ppt.aux)
\openout1 = `ppt.aux'.

LaTeX Font Info:    Checking defaults for OML/cmm/m/it on input line 31.
LaTeX Font Info:    ... okay on input line 31.
LaTeX Font Info:    Checking defaults for OMS/cmsy/m/n on input line 31.
LaTeX Font Info:    ... okay on input line 31.
LaTeX Font Info:    Checking defaults for OT1/cmr/m/n on input line 31.
LaTeX Font Info:    ... okay on input line 31.
LaTeX Font Info:    Checking defaults for T1/cmr/m/n on input line 31.
LaTeX Font Info:    ... okay on input line 31.
LaTeX Font Info:    Checking defaults for TS1/cmr/m/n on input line 31.
LaTeX Font Info:    ... okay on input line 31.
LaTeX Font Info:    Checking defaults for OMX/cmex/m/n on input line 31.
LaTeX Font Info:    ... okay on input line 31.
LaTeX Font Info:    Checking defaults for U/cmr/m/n on input line 31.
LaTeX Font Info:    ... okay on input line 31.
LaTeX Font Info:    Checking defaults for PD1/pdf/m/n on input line 31.
LaTeX Font Info:    ... okay on input line 31.
LaTeX Font Info:    Checking defaults for PU/pdf/m/n on input line 31.
LaTeX Font Info:    ... okay on input line 31.

*geometry* driver: auto-detecting
*geometry* detected driver: pdftex
*geometry* verbose mode - [ preamble ] result:
* driver: pdftex
* paper: custom
* layout: <same size as paper>
* layoutoffset:(h,v)=(0.0pt,0.0pt)
* modes: includehead includefoot 
* h-part:(L,W,R)=(10.00002pt, 344.19533pt, 10.00002pt)
* v-part:(T,H,B)=(0.0pt, 273.14662pt, 0.0pt)
* \paperwidth=364.19536pt
* \paperheight=273.14662pt
* \textwidth=344.19533pt
* \textheight=244.6939pt
* \oddsidemargin=-62.26997pt
* \evensidemargin=-62.26997pt
* \topmargin=-72.26999pt
* \headheight=14.22636pt
* \headsep=0.0pt
* \topskip=10.0pt
* \footskip=14.22636pt
* \marginparwidth=3.0pt
* \marginparsep=11.0pt
* \columnsep=10.0pt
* \skip\footins=9.0pt plus 4.0pt minus 2.0pt
* \hoffset=0.0pt
* \voffset=0.0pt
* \mag=1000
* \@twocolumnfalse
* \@twosidefalse
* \@mparswitchfalse
* \@reversemarginfalse
* (1in=72.27pt=25.4mm, 1cm=28.453pt)


(C:\Users\Mrunmoy Jena\AppData\Local\Programs\MiKTeX\tex/context/base/mkii\supp
-pdf.mkii
[Loading MPS to PDF converter (version 2006.09.02).]
\scratchcounter=\count460
\scratchdimen=\dimen299
\scratchbox=\box76
\nofMPsegments=\count461
\nofMParguments=\count462
\everyMPshowfont=\toks47
\MPscratchCnt=\count463
\MPscratchDim=\dimen300
\MPnumerator=\count464
\makeMPintoPDFobject=\count465
\everyMPtoPDFconversion=\toks48
)
(C:\Users\Mrunmoy Jena\AppData\Local\Programs\MiKTeX\tex/latex/epstopdf-pkg\eps
topdf-base.sty
Package: epstopdf-base 2020-01-24 v2.11 Base part for package epstopdf
Package epstopdf-base Info: Redefining graphics rule for `.eps' on input line 4
85.

(C:\Users\Mrunmoy Jena\AppData\Local\Programs\MiKTeX\tex/latex/00miktex\epstopd
f-sys.cfg
File: epstopdf-sys.cfg 2021/03/18 v2.0 Configuration of epstopdf for MiKTeX
))
Package hyperref Info: Link coloring OFF on input line 31.

(C:\Users\Mrunmoy Jena\AppData\Local\Programs\MiKTeX\tex/latex/hyperref\nameref
.sty
Package: nameref 2021-04-02 v2.47 Cross-referencing by name of section

(C:\Users\Mrunmoy Jena\AppData\Local\Programs\MiKTeX\tex/latex/refcount\refcoun
t.sty
Package: refcount 2019/12/15 v3.6 Data extraction from label references (HO)
)
(C:\Users\Mrunmoy Jena\AppData\Local\Programs\MiKTeX\tex/generic/gettitlestring
\gettitlestring.sty
Package: gettitlestring 2019/12/15 v1.6 Cleanup title references (HO)
)
\c@section@level=\count466
)
LaTeX Info: Redefining \ref on input line 31.
LaTeX Info: Redefining \pageref on input line 31.
LaTeX Info: Redefining \nameref on input line 31.
 (ppt.out) (ppt.out)
\@outlinefile=\write6
\openout6 = `ppt.out'.

LaTeX Font Info:    Overwriting symbol font `operators' in version `normal'
(Font)                  OT1/cmr/m/n --> OT1/cmss/m/n on input line 31.
LaTeX Font Info:    Overwriting symbol font `operators' in version `bold'
(Font)                  OT1/cmr/bx/n --> OT1/cmss/b/n on input line 31.
\symnumbers=\mathgroup6
\sympureletters=\mathgroup7
LaTeX Font Info:    Overwriting math alphabet `\mathrm' in version `normal'
(Font)                  OT1/cmss/m/n --> OT1/cmr/m/n on input line 31.
LaTeX Font Info:    Redeclaring math alphabet \mathbf on input line 31.
LaTeX Font Info:    Overwriting math alphabet `\mathbf' in version `normal'
(Font)                  OT1/cmr/bx/n --> OT1/cmss/b/n on input line 31.
LaTeX Font Info:    Overwriting math alphabet `\mathbf' in version `bold'
(Font)                  OT1/cmr/bx/n --> OT1/cmss/b/n on input line 31.
LaTeX Font Info:    Redeclaring math alphabet \mathsf on input line 31.
LaTeX Font Info:    Overwriting math alphabet `\mathsf' in version `normal'
(Font)                  OT1/cmss/m/n --> OT1/cmss/m/n on input line 31.
LaTeX Font Info:    Overwriting math alphabet `\mathsf' in version `bold'
(Font)                  OT1/cmss/bx/n --> OT1/cmss/m/n on input line 31.
LaTeX Font Info:    Redeclaring math alphabet \mathit on input line 31.
LaTeX Font Info:    Overwriting math alphabet `\mathit' in version `normal'
(Font)                  OT1/cmr/m/it --> OT1/cmss/m/it on input line 31.
LaTeX Font Info:    Overwriting math alphabet `\mathit' in version `bold'
(Font)                  OT1/cmr/bx/it --> OT1/cmss/m/it on input line 31.
LaTeX Font Info:    Redeclaring math alphabet \mathtt on input line 31.
LaTeX Font Info:    Overwriting math alphabet `\mathtt' in version `normal'
(Font)                  OT1/cmtt/m/n --> OT1/cmtt/m/n on input line 31.
LaTeX Font Info:    Overwriting math alphabet `\mathtt' in version `bold'
(Font)                  OT1/cmtt/m/n --> OT1/cmtt/m/n on input line 31.
LaTeX Font Info:    Overwriting symbol font `numbers' in version `bold'
(Font)                  OT1/cmss/m/n --> OT1/cmss/b/n on input line 31.
LaTeX Font Info:    Overwriting symbol font `pureletters' in version `bold'
(Font)                  OT1/cmss/m/it --> OT1/cmss/b/it on input line 31.
LaTeX Font Info:    Overwriting math alphabet `\mathrm' in version `bold'
(Font)                  OT1/cmss/b/n --> OT1/cmr/b/n on input line 31.
LaTeX Font Info:    Overwriting math alphabet `\mathbf' in version `bold'
(Font)                  OT1/cmss/b/n --> OT1/cmss/b/n on input line 31.
LaTeX Font Info:    Overwriting math alphabet `\mathsf' in version `bold'
(Font)                  OT1/cmss/m/n --> OT1/cmss/b/n on input line 31.
LaTeX Font Info:    Overwriting math alphabet `\mathit' in version `bold'
(Font)                  OT1/cmss/m/it --> OT1/cmss/b/it on input line 31.
LaTeX Font Info:    Overwriting math alphabet `\mathtt' in version `bold'
(Font)                  OT1/cmtt/m/n --> OT1/cmtt/b/n on input line 31.
LaTeX Font Info:    Redeclaring symbol font `pureletters' on input line 31.
LaTeX Font Info:    Overwriting symbol font `pureletters' in version `normal'
(Font)                  OT1/cmss/m/it --> OT1/mathkerncmss/m/sl on input line 3
1.
LaTeX Font Info:    Overwriting symbol font `pureletters' in version `bold'
(Font)                  OT1/cmss/b/it --> OT1/mathkerncmss/m/sl on input line 3
1.
LaTeX Font Info:    Overwriting symbol font `pureletters' in version `bold'
(Font)                  OT1/mathkerncmss/m/sl --> OT1/mathkerncmss/bx/sl on inp
ut line 31.

(C:\Users\Mrunmoy Jena\AppData\Local\Programs\MiKTeX\tex/latex/translator\trans
lator-basic-dictionary-English.dict
Dictionary: translator-basic-dictionary, Language: English 
)
(C:\Users\Mrunmoy Jena\AppData\Local\Programs\MiKTeX\tex/latex/translator\trans
lator-bibliography-dictionary-English.dict
Dictionary: translator-bibliography-dictionary, Language: English 
)
(C:\Users\Mrunmoy Jena\AppData\Local\Programs\MiKTeX\tex/latex/translator\trans
lator-environment-dictionary-English.dict
Dictionary: translator-environment-dictionary, Language: English 
)
(C:\Users\Mrunmoy Jena\AppData\Local\Programs\MiKTeX\tex/latex/translator\trans
lator-months-dictionary-English.dict
Dictionary: translator-months-dictionary, Language: English 
)
(C:\Users\Mrunmoy Jena\AppData\Local\Programs\MiKTeX\tex/latex/translator\trans
lator-numbers-dictionary-English.dict
Dictionary: translator-numbers-dictionary, Language: English 
)
(C:\Users\Mrunmoy Jena\AppData\Local\Programs\MiKTeX\tex/latex/translator\trans
lator-theorem-dictionary-English.dict
Dictionary: translator-theorem-dictionary, Language: English 
)
Package biblatex Info: Trying to load language 'english'...
Package biblatex Info: ... file 'english.lbx' found.

(C:\Users\Mrunmoy Jena\AppData\Local\Programs\MiKTeX\tex/latex/biblatex/lbx\eng
lish.lbx
File: english.lbx 2020/12/31 v3.16 biblatex localization (PK/MW)
)
Package biblatex Info: Input encoding 'utf8' detected.
Package biblatex Info: Automatic encoding selection.
(biblatex)             Assuming data encoding 'utf8'.
Package biblatex Info: Document encoding is UTF8 ....
Package biblatex Info: ... and expl3
(biblatex)             2021-06-01 L3 programming layer (loader) 
(biblatex)             is new enough (at least 2020/04/06),
(biblatex)             setting 'casechanger=expl3'.

(C:\Users\Mrunmoy Jena\AppData\Local\Programs\MiKTeX\tex/latex/biblatex\blx-cas
e-expl3.sty
Package: blx-case-expl3 2020/12/31 v3.16 expl3 case changing code for biblatex
)
\openout5 = `ppt.bcf'.

Package biblatex Info: Trying to load bibliographic data...
Package biblatex Info: ... file 'ppt.bbl' found.
 (ppt.bbl)
Package biblatex Info: Reference section=0 on input line 31.
Package biblatex Info: Reference segment=0 on input line 31.
Package caption Info: Begin \AtBeginDocument code.
Package caption Info: End \AtBeginDocument code.
 (ppt.nav)
LaTeX Font Info:    Trying to load font information for U+msa on input line 31.


(C:\Users\Mrunmoy Jena\AppData\Local\Programs\MiKTeX\tex/latex/amsfonts\umsa.fd
File: umsa.fd 2013/01/14 v3.01 AMS symbols A
)
LaTeX Font Info:    Trying to load font information for U+msb on input line 31.


(C:\Users\Mrunmoy Jena\AppData\Local\Programs\MiKTeX\tex/latex/amsfonts\umsb.fd
File: umsb.fd 2013/01/14 v3.01 AMS symbols B
)
LaTeX Font Info:    Trying to load font information for OT1+mathkerncmss on inp
ut line 31.

(C:\Users\Mrunmoy Jena\AppData\Local\Programs\MiKTeX\tex/latex/sansmathaccent\o
t1mathkerncmss.fd
File: ot1mathkerncmss.fd 2020/01/31 Fontinst v1.933 font definitions for OT1/ma
thkerncmss.
) [1

{C:/Users/Mrunmoy Jena/AppData/Local/MiKTeX/pdftex/config/pdftex.map}] (ppt.toc
) [2

] [3

]
<../images//Standard_Model_of_Elementary_Particles.png, id=117, 770.88pt x 678.
28406pt>
File: ../images//Standard_Model_of_Elementary_Particles.png Graphic file (type 
png)
<use ../images//Standard_Model_of_Elementary_Particles.png>
Package pdftex.def Info: ../images//Standard_Model_of_Elementary_Particles.png 
 used on input line 76.
(pdftex.def)             Requested size: 136.90567pt x 120.47046pt.

Overfull \hbox (16.43521pt too wide) in paragraph at lines 76--76
 [] 
 []

[4

 <../images//Standard_Model_of_Elementary_Particles.png>]

LaTeX Font Warning: Font shape `OT1/cmss/m/sc' in size <5> not available
(Font)              Font shape `OT1/cmr/m/sc' tried instead on input line 91.

[5

] [6

] [7

]

Package hyperref Warning: Token not allowed in a PDF string (Unicode):
(hyperref)                removing `math shift' on input line 133.


Package hyperref Warning: Token not allowed in a PDF string (Unicode):
(hyperref)                removing `superscript' on input line 133.


Package hyperref Warning: Token not allowed in a PDF string (Unicode):
(hyperref)                removing `math shift' on input line 133.

<../images//bhabha-s.png, id=169, 96.36pt x 53.11845pt>
File: ../images//bhabha-s.png Graphic file (type png)
<use ../images//bhabha-s.png>
Package pdftex.def Info: ../images//bhabha-s.png  used on input line 155.
(pdftex.def)             Requested size: 120.47046pt x 66.40921pt.
<../images//bhabha-t.png, id=170, 96.36pt x 57.0933pt>
File: ../images//bhabha-t.png Graphic file (type png)
<use ../images//bhabha-t.png>
Package pdftex.def Info: ../images//bhabha-t.png  used on input line 155.
(pdftex.def)             Requested size: 120.47046pt x 71.37863pt.
[8

 <../images//bhabha-s.png> <../images//bhabha-t.png>]
<../images//tangulardist.png, id=183, 422.7795pt x 274.02374pt>
File: ../images//tangulardist.png Graphic file (type png)
<use ../images//tangulardist.png>
Package pdftex.def Info: ../images//tangulardist.png  used on input line 178.
(pdftex.def)             Requested size: 154.88684pt x 100.39204pt.
 [9

 <../images//tangulardist.png>] [10

] [11

]
<../images//corrections.png, id=210, 651.03226pt x 504.6855pt>
File: ../images//corrections.png Graphic file (type png)
<use ../images//corrections.png>
Package pdftex.def Info: ../images//corrections.png  used on input line 239.
(pdftex.def)             Requested size: 172.09766pt x 133.40988pt.
 [12

 <../images//corrections.png>] [13

]
<../images//BWdist.png, id=232, 483.0045pt x 380.622pt>
File: ../images//BWdist.png Graphic file (type png)
<use ../images//BWdist.png>
Package pdftex.def Info: ../images//BWdist.png  used on input line 285.
(pdftex.def)             Requested size: 154.88684pt x 122.05125pt.
 [14

 <../images//BWdist.png>] [15

] [16

]

LaTeX Font Warning: Font shape `OT1/cmss/m/sc' in size <10> not available
(Font)              Font shape `OT1/cmr/m/sc' tried instead on input line 297.

[17

 <C:/Users/Mrunmoy Jena/AppData/Local/Programs/MiKTeX/tex/latex/beamer/beameric
onarticle.pdf>]
\tf@nav=\write7
\openout7 = `ppt.nav'.

\tf@toc=\write8
\openout8 = `ppt.toc'.

\tf@snm=\write9
\openout9 = `ppt.snm'.

 (ppt.aux)
Package rerunfilecheck Info: File `ppt.out' has not changed.
(rerunfilecheck)             Checksum: CF0485838E7839EBD57A2F132DF96A7E;972.
Package logreq Info: Writing requests to 'ppt.run.xml'.
\openout1 = `ppt.run.xml'.

 ) 
Here is how much of TeX's memory you used:
 30092 strings out of 478864
 580372 string characters out of 2845307
 1274773 words of memory out of 3000000
 47393 multiletter control sequences out of 15000+600000
 418460 words of font info for 81 fonts, out of 8000000 for 9000
 1141 hyphenation exceptions out of 8191
 128i,18n,124p,738b,1748s stack positions out of 5000i,500n,10000p,200000b,80000s
<C:/Users/Mrunmoy Jena/AppData/Local/Programs/MiKTeX/fonts/type1/public/amsfo
nts/cm/cmcsc10.pfb><C:/Users/Mrunmoy Jena/AppData/Local/Programs/MiKTeX/fonts/t
ype1/public/amsfonts/cm/cmex10.pfb><C:/Users/Mrunmoy Jena/AppData/Local/Program
s/MiKTeX/fonts/type1/public/amsfonts/cmextra/cmex7.pfb><C:/Users/Mrunmoy Jena/A
ppData/Local/Programs/MiKTeX/fonts/type1/public/amsfonts/cm/cmmi10.pfb><C:/User
s/Mrunmoy Jena/AppData/Local/Programs/MiKTeX/fonts/type1/public/amsfonts/cm/cmm
i12.pfb><C:/Users/Mrunmoy Jena/AppData/Local/Programs/MiKTeX/fonts/type1/public
/amsfonts/cm/cmmi6.pfb><C:/Users/Mrunmoy Jena/AppData/Local/Programs/MiKTeX/fon
ts/type1/public/amsfonts/cm/cmmi7.pfb><C:/Users/Mrunmoy Jena/AppData/Local/Prog
rams/MiKTeX/fonts/type1/public/amsfonts/cm/cmmi8.pfb><C:/Users/Mrunmoy Jena/App
Data/Local/Programs/MiKTeX/fonts/type1/public/amsfonts/cm/cmmi9.pfb><C:/Users/M
runmoy Jena/AppData/Local/Programs/MiKTeX/fonts/type1/public/amsfonts/cm/cmr10.
pfb><C:/Users/Mrunmoy Jena/AppData/Local/Programs/MiKTeX/fonts/type1/public/ams
fonts/cm/cmr12.pfb><C:/Users/Mrunmoy Jena/AppData/Local/Programs/MiKTeX/fonts/t
ype1/public/amsfonts/cm/cmr5.pfb><C:/Users/Mrunmoy Jena/AppData/Local/Programs/
MiKTeX/fonts/type1/public/amsfonts/cm/cmr7.pfb><C:/Users/Mrunmoy Jena/AppData/L
ocal/Programs/MiKTeX/fonts/type1/public/amsfonts/cm/cmss10.pfb><C:/Users/Mrunmo
y Jena/AppData/Local/Programs/MiKTeX/fonts/type1/public/amsfonts/cm/cmss12.pfb>
<C:/Users/Mrunmoy Jena/AppData/Local/Programs/MiKTeX/fonts/type1/public/amsfont
s/cm/cmss8.pfb><C:/Users/Mrunmoy Jena/AppData/Local/Programs/MiKTeX/fonts/type1
/public/amsfonts/cm/cmss9.pfb><C:/Users/Mrunmoy Jena/AppData/Local/Programs/MiK
TeX/fonts/type1/public/amsfonts/cm/cmssbx10.pfb><C:/Users/Mrunmoy Jena/AppData/
Local/Programs/MiKTeX/fonts/type1/public/amsfonts/cm/cmssi10.pfb><C:/Users/Mrun
moy Jena/AppData/Local/Programs/MiKTeX/fonts/type1/public/amsfonts/cm/cmssi12.p
fb><C:/Users/Mrunmoy Jena/AppData/Local/Programs/MiKTeX/fonts/type1/public/amsf
onts/cm/cmssi8.pfb><C:/Users/Mrunmoy Jena/AppData/Local/Programs/MiKTeX/fonts/t
ype1/public/amsfonts/cm/cmssi9.pfb><C:/Users/Mrunmoy Jena/AppData/Local/Program
s/MiKTeX/fonts/type1/public/amsfonts/cm/cmsy10.pfb><C:/Users/Mrunmoy Jena/AppDa
ta/Local/Programs/MiKTeX/fonts/type1/public/amsfonts/cm/cmsy6.pfb><C:/Users/Mru
nmoy Jena/AppData/Local/Programs/MiKTeX/fonts/type1/public/amsfonts/cm/cmsy7.pf
b><C:/Users/Mrunmoy Jena/AppData/Local/Programs/MiKTeX/fonts/type1/public/amsfo
nts/cm/cmsy9.pfb><C:/Users/Mrunmoy Jena/AppData/Local/Programs/MiKTeX/fonts/typ
e1/public/amsfonts/cm/cmtt10.pfb><C:/Users/Mrunmoy Jena/AppData/Local/Programs/
MiKTeX/fonts/type1/public/amsfonts/cm/cmtt8.pfb><C:/Users/Mrunmoy Jena/AppData/
Local/Programs/MiKTeX/fonts/type1/public/amsfonts/symbols/msbm10.pfb>
Output written on ppt.pdf (17 pages, 802629 bytes).
PDF statistics:
 423 PDF objects out of 1000 (max. 8388607)
 57 named destinations out of 1000 (max. 500000)
 207 words of extra memory for PDF output out of 10000 (max. 10000000)

